2017-01-07 04:05:55 -  root - ERROR - ERROR
2017-01-07 04:05:55 -  root - CRITICAL - CRITICAL
2017-01-07 04:06:47 -  root - ERROR - ERROR
2017-01-07 04:06:47 -  root - CRITICAL - CRITICAL
2017-01-07 04:07:35 -  root - ERROR - ERROR
2017-01-07 04:07:35 -  root - CRITICAL - CRITICAL
2017-01-07 04:12:55 -  root - ERROR - ERROR
2017-01-07 04:12:55 -  root - CRITICAL - CRITICAL
2017-01-07 04:13:44 -  root - ERROR - ERROR
2017-01-07 04:13:44 -  root - CRITICAL - CRITICAL
2017-01-07 04:13:56 -  root - ERROR - ERROR
2017-01-07 04:13:56 -  root - CRITICAL - CRITICAL
2017-01-07 04:19:35 -  root - ERROR - ERROR
2017-01-07 04:19:35 -  root - CRITICAL - CRITICAL
2017-01-07 04:19:58 -  root - ERROR - ERROR
2017-01-07 04:19:58 -  root - CRITICAL - CRITICAL
2017-01-07 04:21:34 -  root - ERROR - ERROR
2017-01-07 04:21:34 -  root - CRITICAL - CRITICAL
2017-01-07 04:21:38 -  root - ERROR - ERROR
2017-01-07 04:21:38 -  root - CRITICAL - CRITICAL
2017-01-07 04:22:51 - root - ERROR - ERROR
2017-01-07 04:22:51 - root - CRITICAL - CRITICAL
2017-01-07 04:23:09 - root - ERROR - ERROR
2017-01-07 04:23:09 - root - CRITICAL - CRITICAL
2017-01-07 04:23:18 - root - ERROR - ERROR
2017-01-07 04:23:18 - root - CRITICAL - CRITICAL
2017-01-07 04:23:27 - root - ERROR - ERROR
2017-01-07 04:23:27 - root - CRITICAL - CRITICAL
2017-01-07 04:23:49 - root - ERROR - ERROR
2017-01-07 04:23:49 - root - CRITICAL - CRITICAL
2017-01-07 04:27:16 - ERROR - ERROR
2017-01-07 04:27:16 - CRITICAL - CRITICAL
2017-01-07 04:27:39 - ERROR - ERROR
2017-01-07 04:27:39 - CRITICAL - CRITICAL
2017-01-07 04:30:23 - ERROR - ERROR
2017-01-07 04:30:23 - CRITICAL - CRITICAL
2017-01-07 04:30:42 - ERROR - ERROR
2017-01-07 04:30:42 - CRITICAL - CRITICAL
2017-01-07 04:31:49 - ERROR - ERROR
2017-01-07 04:31:49 - CRITICAL - CRITICAL
2017-01-07 04:32:26 - ERROR - ERROR
2017-01-07 04:32:26 - CRITICAL - CRITICAL
2017-01-07 04:36:46 - ERROR - ERROR
2017-01-07 04:36:46 - CRITICAL - CRITICAL
2017-01-07 04:37:58 - ERROR - ERROR
2017-01-07 04:37:58 - CRITICAL - CRITICAL
2017-01-07 04:38:24 - ERROR - ERROR
2017-01-07 04:38:24 - CRITICAL - CRITICAL
2017-01-07 04:40:08 - ERROR - ERROR
2017-01-07 04:40:08 - CRITICAL - CRITICAL
