2017-01-08 19:50:15 [ERROR] : str: argument -u/--url is required in /home/stanislav/PycharmProjects/opendoor/src/lib/exceptions.py -> __init__() line 10
Traceback (most recent call last):
  File "/home/stanislav/PycharmProjects/opendoor/src/lib/io/arguments.py", line 14, in get_arguments
    args = options().get_arg_values()
  File "/home/stanislav/PycharmProjects/opendoor/src/core/options/options.py", line 52, in get_arg_values
    raise OptionsError("argument -u/--url is required")
OptionsError: argument -u/--url is required
2017-01-08 19:57:46 [ERROR] : str: argument -u/--url is required in /home/stanislav/PycharmProjects/opendoor/src/lib/exceptions.py -> __init__() line 10
Traceback (most recent call last):
  File "/home/stanislav/PycharmProjects/opendoor/src/lib/io/arguments.py", line 14, in get_arguments
    args = options().get_arg_values()
  File "/home/stanislav/PycharmProjects/opendoor/src/core/options/options.py", line 52, in get_arg_values
    raise OptionsError("argument -u/--url is required")
OptionsError: argument -u/--url is required
2017-01-08 19:58:17 [ERROR] : str: argument -u/--url is required in /home/stanislav/PycharmProjects/opendoor/src/lib/exceptions.py -> __init__() line 10
Traceback (most recent call last):
  File "/home/stanislav/PycharmProjects/opendoor/src/lib/io/arguments.py", line 14, in get_arguments
    args = options().get_arg_values()
  File "/home/stanislav/PycharmProjects/opendoor/src/core/options/options.py", line 52, in get_arg_values
    raise OptionsError("argument -u/--url is required")
OptionsError: argument -u/--url is required
2017-01-08 20:01:51 [ERROR] : str: argument -u/--url is required in /home/stanislav/PycharmProjects/opendoor/src/lib/exceptions.py -> __init__() line 10
Traceback (most recent call last):
  File "/home/stanislav/PycharmProjects/opendoor/src/lib/io/arguments.py", line 14, in get_arguments
    args = options().get_arg_values()
  File "/home/stanislav/PycharmProjects/opendoor/src/core/options/options.py", line 52, in get_arg_values
    raise OptionsError("argument -u/--url is required")
OptionsError: argument -u/--url is required
2017-01-08 20:02:09 [ERROR] : str: argument -u/--url is required in /home/stanislav/PycharmProjects/opendoor/src/lib/exceptions.py -> __init__() line 10
Traceback (most recent call last):
  File "/home/stanislav/PycharmProjects/opendoor/src/lib/io/arguments.py", line 14, in get_arguments
    args = options().get_arg_values()
  File "/home/stanislav/PycharmProjects/opendoor/src/core/options/options.py", line 52, in get_arg_values
    raise OptionsError("argument -u/--url is required")
OptionsError: argument -u/--url is required
2017-01-08 20:02:32 [ERROR] : str: argument -u/--url is required in /home/stanislav/PycharmProjects/opendoor/src/lib/exceptions.py -> __init__() line 10
Traceback (most recent call last):
  File "/home/stanislav/PycharmProjects/opendoor/src/lib/io/arguments.py", line 14, in get_arguments
    args = options().get_arg_values()
  File "/home/stanislav/PycharmProjects/opendoor/src/core/options/options.py", line 52, in get_arg_values
    raise OptionsError("argument -u/--url is required")
OptionsError: argument -u/--url is required
2017-01-08 20:03:38 [ERROR] : str: argument -u/--url is required in /home/stanislav/PycharmProjects/opendoor/src/lib/exceptions.py -> __init__() line 10
Traceback (most recent call last):
  File "/home/stanislav/PycharmProjects/opendoor/src/lib/io/arguments.py", line 14, in get_arguments
    args = options().get_arg_values()
  File "/home/stanislav/PycharmProjects/opendoor/src/core/options/options.py", line 52, in get_arg_values
    raise OptionsError("argument -u/--url is required")
OptionsError: argument -u/--url is required
2017-01-08 20:04:32 [ERROR] : str: argument -u/--url is required in /home/stanislav/PycharmProjects/opendoor/src/lib/exceptions.py -> __init__() line 10
Traceback (most recent call last):
  File "/home/stanislav/PycharmProjects/opendoor/src/lib/io/arguments.py", line 14, in get_arguments
    args = options().get_arg_values()
  File "/home/stanislav/PycharmProjects/opendoor/src/core/options/options.py", line 52, in get_arg_values
    raise OptionsError("argument -u/--url is required")
OptionsError: argument -u/--url is required
2017-01-08 20:04:34 [ERROR] : str: argument -u/--url is required in /home/stanislav/PycharmProjects/opendoor/src/lib/exceptions.py -> __init__() line 10
Traceback (most recent call last):
  File "/home/stanislav/PycharmProjects/opendoor/src/lib/io/arguments.py", line 14, in get_arguments
    args = options().get_arg_values()
  File "/home/stanislav/PycharmProjects/opendoor/src/core/options/options.py", line 52, in get_arg_values
    raise OptionsError("argument -u/--url is required")
OptionsError: argument -u/--url is required
2017-01-08 20:04:35 [ERROR] : str: argument -u/--url is required in /home/stanislav/PycharmProjects/opendoor/src/lib/exceptions.py -> __init__() line 10
Traceback (most recent call last):
  File "/home/stanislav/PycharmProjects/opendoor/src/lib/io/arguments.py", line 14, in get_arguments
    args = options().get_arg_values()
  File "/home/stanislav/PycharmProjects/opendoor/src/core/options/options.py", line 52, in get_arg_values
    raise OptionsError("argument -u/--url is required")
OptionsError: argument -u/--url is required
2017-01-08 20:05:02 [ERROR] : str: argument -u/--url is required in /home/stanislav/PycharmProjects/opendoor/src/lib/exceptions.py -> __init__() line 10
Traceback (most recent call last):
  File "/home/stanislav/PycharmProjects/opendoor/src/lib/io/arguments.py", line 14, in get_arguments
    args = options().get_arg_values()
  File "/home/stanislav/PycharmProjects/opendoor/src/core/options/options.py", line 52, in get_arg_values
    raise OptionsError("argument -u/--url is required")
OptionsError: argument -u/--url is required
2017-01-08 20:05:48 [ERROR] : str: argument -u/--url is required in /home/stanislav/PycharmProjects/opendoor/src/lib/exceptions.py -> __init__() line 10
Traceback (most recent call last):
  File "/home/stanislav/PycharmProjects/opendoor/src/lib/io/arguments.py", line 14, in get_arguments
    args = options().get_arg_values()
  File "/home/stanislav/PycharmProjects/opendoor/src/core/options/options.py", line 52, in get_arg_values
    raise OptionsError("argument -u/--url is required")
OptionsError: argument -u/--url is required
2017-01-08 20:05:51 [ERROR] : str: argument -u/--url is required in /home/stanislav/PycharmProjects/opendoor/src/lib/exceptions.py -> __init__() line 10
Traceback (most recent call last):
  File "/home/stanislav/PycharmProjects/opendoor/src/lib/io/arguments.py", line 14, in get_arguments
    args = options().get_arg_values()
  File "/home/stanislav/PycharmProjects/opendoor/src/core/options/options.py", line 52, in get_arg_values
    raise OptionsError("argument -u/--url is required")
OptionsError: argument -u/--url is required
2017-01-08 20:06:09 [ERROR] : str: argument -u/--url is required in /home/stanislav/PycharmProjects/opendoor/src/lib/exceptions.py -> __init__() line 10
Traceback (most recent call last):
  File "/home/stanislav/PycharmProjects/opendoor/src/lib/io/arguments.py", line 14, in get_arguments
    args = options().get_arg_values()
  File "/home/stanislav/PycharmProjects/opendoor/src/core/options/options.py", line 52, in get_arg_values
    raise OptionsError("argument -u/--url is required")
OptionsError: argument -u/--url is required
2017-01-08 20:06:27 [ERROR] : str: argument -u/--url is required in /home/stanislav/PycharmProjects/opendoor/src/lib/exceptions.py -> __init__() line 10
Traceback (most recent call last):
  File "/home/stanislav/PycharmProjects/opendoor/src/lib/io/arguments.py", line 14, in get_arguments
    args = options().get_arg_values()
  File "/home/stanislav/PycharmProjects/opendoor/src/core/options/options.py", line 52, in get_arg_values
    raise OptionsError("argument -u/--url is required")
OptionsError: argument -u/--url is required
2017-01-08 20:09:33 [ERROR] : str: argument -u/--url is required in /home/stanislav/PycharmProjects/opendoor/src/lib/exceptions.py -> __init__() line 10
Traceback (most recent call last):
  File "/home/stanislav/PycharmProjects/opendoor/src/lib/io/arguments.py", line 14, in get_arguments
    args = options().get_arg_values()
  File "/home/stanislav/PycharmProjects/opendoor/src/core/options/options.py", line 52, in get_arg_values
    raise OptionsError("argument -u/--url is required")
OptionsError: argument -u/--url is required
2017-01-08 20:11:41 [ERROR] : str: argument -u/--url is required in /home/stanislav/PycharmProjects/opendoor/src/lib/exceptions.py -> __init__() line 10
Traceback (most recent call last):
  File "/home/stanislav/PycharmProjects/opendoor/src/lib/io/arguments.py", line 14, in get_arguments
    args = options().get_arg_values()
  File "/home/stanislav/PycharmProjects/opendoor/src/core/options/options.py", line 52, in get_arg_values
    raise OptionsError("argument -u/--url is required")
OptionsError: argument -u/--url is required
2017-01-08 20:12:33 [ERROR] : str: argument -u/--url is required in /home/stanislav/PycharmProjects/opendoor/src/lib/exceptions.py -> __init__() line 10
Traceback (most recent call last):
  File "/home/stanislav/PycharmProjects/opendoor/src/lib/io/arguments.py", line 14, in get_arguments
    args = options().get_arg_values()
  File "/home/stanislav/PycharmProjects/opendoor/src/core/options/options.py", line 52, in get_arg_values
    raise OptionsError("argument -u/--url is required")
OptionsError: argument -u/--url is required
2017-01-08 20:16:40 [ERROR] : str: argument -u/--url is required in /home/stanislav/PycharmProjects/opendoor/src/lib/exceptions.py -> __init__() line 10
Traceback (most recent call last):
  File "/home/stanislav/PycharmProjects/opendoor/src/lib/io/arguments.py", line 14, in get_arguments
    args = options().get_arg_values()
  File "/home/stanislav/PycharmProjects/opendoor/src/core/options/options.py", line 52, in get_arg_values
    raise OptionsError("argument -u/--url is required")
OptionsError: argument -u/--url is required
2017-01-08 20:17:03 [ERROR] : str: argument -u/--url is required in /home/stanislav/PycharmProjects/opendoor/src/lib/exceptions.py -> __init__() line 10
Traceback (most recent call last):
  File "/home/stanislav/PycharmProjects/opendoor/src/lib/io/arguments.py", line 14, in get_arguments
    args = options().get_arg_values()
  File "/home/stanislav/PycharmProjects/opendoor/src/core/options/options.py", line 52, in get_arg_values
    raise OptionsError("argument -u/--url is required")
OptionsError: argument -u/--url is required
2017-01-08 20:18:14 [ERROR] : str: argument -u/--url is required in /home/stanislav/PycharmProjects/opendoor/src/lib/exceptions.py -> __init__() line 10
Traceback (most recent call last):
  File "/home/stanislav/PycharmProjects/opendoor/src/lib/io/arguments.py", line 14, in get_arguments
    args = options().get_arg_values()
  File "/home/stanislav/PycharmProjects/opendoor/src/core/options/options.py", line 52, in get_arg_values
    raise OptionsError("argument -u/--url is required")
OptionsError: argument -u/--url is required
2017-01-08 20:19:00 [ERROR] : str: argument -u/--url is required in /home/stanislav/PycharmProjects/opendoor/src/lib/exceptions.py -> __init__() line 10
Traceback (most recent call last):
  File "/home/stanislav/PycharmProjects/opendoor/src/lib/io/arguments.py", line 14, in get_arguments
    args = options().get_arg_values()
  File "/home/stanislav/PycharmProjects/opendoor/src/core/options/options.py", line 52, in get_arg_values
    raise OptionsError("argument -u/--url is required")
OptionsError: argument -u/--url is required
2017-01-08 20:19:02 [ERROR] : str: argument -u/--url is required in /home/stanislav/PycharmProjects/opendoor/src/lib/exceptions.py -> __init__() line 10
Traceback (most recent call last):
  File "/home/stanislav/PycharmProjects/opendoor/src/lib/io/arguments.py", line 14, in get_arguments
    args = options().get_arg_values()
  File "/home/stanislav/PycharmProjects/opendoor/src/core/options/options.py", line 52, in get_arg_values
    raise OptionsError("argument -u/--url is required")
OptionsError: argument -u/--url is required
2017-01-08 20:20:00 [ERROR] : str: argument -u/--url is required in /home/stanislav/PycharmProjects/opendoor/src/lib/exceptions.py -> __init__() line 10
Traceback (most recent call last):
  File "/home/stanislav/PycharmProjects/opendoor/src/lib/io/arguments.py", line 14, in get_arguments
    args = options().get_arg_values()
  File "/home/stanislav/PycharmProjects/opendoor/src/core/options/options.py", line 52, in get_arg_values
    raise OptionsError("argument -u/--url is required")
OptionsError: argument -u/--url is required
2017-01-08 20:20:06 [ERROR] : str: argument -u/--url is required in /home/stanislav/PycharmProjects/opendoor/src/lib/exceptions.py -> __init__() line 10
Traceback (most recent call last):
  File "/home/stanislav/PycharmProjects/opendoor/src/lib/io/arguments.py", line 14, in get_arguments
    args = options().get_arg_values()
  File "/home/stanislav/PycharmProjects/opendoor/src/core/options/options.py", line 52, in get_arg_values
    raise OptionsError("argument -u/--url is required")
OptionsError: argument -u/--url is required
2017-01-08 20:20:36 [ERROR] : str: argument -u/--url is required in /home/stanislav/PycharmProjects/opendoor/src/lib/exceptions.py -> __init__() line 10
Traceback (most recent call last):
  File "/home/stanislav/PycharmProjects/opendoor/src/lib/io/arguments.py", line 14, in get_arguments
    args = options().get_arg_values()
  File "/home/stanislav/PycharmProjects/opendoor/src/core/options/options.py", line 52, in get_arg_values
    raise OptionsError("argument -u/--url is required")
OptionsError: argument -u/--url is required
2017-01-08 20:20:48 [ERROR] : str: argument -u/--url is required in /home/stanislav/PycharmProjects/opendoor/src/lib/exceptions.py -> __init__() line 10
Traceback (most recent call last):
  File "/home/stanislav/PycharmProjects/opendoor/src/lib/io/arguments.py", line 14, in get_arguments
    args = options().get_arg_values()
  File "/home/stanislav/PycharmProjects/opendoor/src/core/options/options.py", line 52, in get_arg_values
    raise OptionsError("argument -u/--url is required")
OptionsError: argument -u/--url is required
2017-01-08 20:20:57 [ERROR] : str: argument -u/--url is required in /home/stanislav/PycharmProjects/opendoor/src/lib/exceptions.py -> __init__() line 10
Traceback (most recent call last):
  File "/home/stanislav/PycharmProjects/opendoor/src/lib/io/arguments.py", line 14, in get_arguments
    args = options().get_arg_values()
  File "/home/stanislav/PycharmProjects/opendoor/src/core/options/options.py", line 52, in get_arg_values
    raise OptionsError("argument -u/--url is required")
OptionsError: argument -u/--url is required
2017-01-08 20:21:58 [ERROR] : str: argument -u/--url is required in /home/stanislav/PycharmProjects/opendoor/src/lib/exceptions.py -> __init__() line 10
Traceback (most recent call last):
  File "/home/stanislav/PycharmProjects/opendoor/src/lib/io/arguments.py", line 14, in get_arguments
    args = options().get_arg_values()
  File "/home/stanislav/PycharmProjects/opendoor/src/core/options/options.py", line 52, in get_arg_values
    raise OptionsError("argument -u/--url is required")
OptionsError: argument -u/--url is required
2017-01-08 20:22:04 [ERROR] : str: argument -u/--url is required in /home/stanislav/PycharmProjects/opendoor/src/lib/exceptions.py -> __init__() line 10
Traceback (most recent call last):
  File "/home/stanislav/PycharmProjects/opendoor/src/lib/io/arguments.py", line 14, in get_arguments
    args = options().get_arg_values()
  File "/home/stanislav/PycharmProjects/opendoor/src/core/options/options.py", line 52, in get_arg_values
    raise OptionsError("argument -u/--url is required")
OptionsError: argument -u/--url is required
2017-01-08 20:22:44 [ERROR] : str: argument -u/--url is required in /home/stanislav/PycharmProjects/opendoor/src/lib/exceptions.py -> __init__() line 10
Traceback (most recent call last):
  File "/home/stanislav/PycharmProjects/opendoor/src/lib/io/arguments.py", line 14, in get_arguments
    args = options().get_arg_values()
  File "/home/stanislav/PycharmProjects/opendoor/src/core/options/options.py", line 52, in get_arg_values
    raise OptionsError("argument -u/--url is required")
OptionsError: argument -u/--url is required
2017-01-08 20:22:52 [ERROR] : str: argument -u/--url is required in /home/stanislav/PycharmProjects/opendoor/src/lib/exceptions.py -> __init__() line 10
Traceback (most recent call last):
  File "/home/stanislav/PycharmProjects/opendoor/src/lib/io/arguments.py", line 14, in get_arguments
    args = options().get_arg_values()
  File "/home/stanislav/PycharmProjects/opendoor/src/core/options/options.py", line 52, in get_arg_values
    raise OptionsError("argument -u/--url is required")
OptionsError: argument -u/--url is required
2017-01-08 20:23:00 [ERROR] : str: argument -u/--url is required in /home/stanislav/PycharmProjects/opendoor/src/lib/exceptions.py -> __init__() line 10
Traceback (most recent call last):
  File "/home/stanislav/PycharmProjects/opendoor/src/lib/io/arguments.py", line 14, in get_arguments
    args = options().get_arg_values()
  File "/home/stanislav/PycharmProjects/opendoor/src/core/options/options.py", line 52, in get_arg_values
    raise OptionsError("argument -u/--url is required")
OptionsError: argument -u/--url is required
2017-01-08 20:23:05 [ERROR] : str: argument -u/--url is required in /home/stanislav/PycharmProjects/opendoor/src/lib/exceptions.py -> __init__() line 10
Traceback (most recent call last):
  File "/home/stanislav/PycharmProjects/opendoor/src/lib/io/arguments.py", line 14, in get_arguments
    args = options().get_arg_values()
  File "/home/stanislav/PycharmProjects/opendoor/src/core/options/options.py", line 52, in get_arg_values
    raise OptionsError("argument -u/--url is required")
OptionsError: argument -u/--url is required
2017-01-08 20:23:15 [ERROR] : str: argument -u/--url is required in /home/stanislav/PycharmProjects/opendoor/src/lib/exceptions.py -> __init__() line 10
Traceback (most recent call last):
  File "/home/stanislav/PycharmProjects/opendoor/src/lib/io/arguments.py", line 14, in get_arguments
    args = options().get_arg_values()
  File "/home/stanislav/PycharmProjects/opendoor/src/core/options/options.py", line 52, in get_arg_values
    raise OptionsError("argument -u/--url is required")
OptionsError: argument -u/--url is required
2017-01-08 20:23:31 [ERROR] : str: argument -u/--url is required in /home/stanislav/PycharmProjects/opendoor/src/lib/exceptions.py -> __init__() line 10
Traceback (most recent call last):
  File "/home/stanislav/PycharmProjects/opendoor/src/lib/io/arguments.py", line 14, in get_arguments
    args = options().get_arg_values()
  File "/home/stanislav/PycharmProjects/opendoor/src/core/options/options.py", line 52, in get_arg_values
    raise OptionsError("argument -u/--url is required")
OptionsError: argument -u/--url is required
2017-01-08 20:23:54 [ERROR] : str: argument -u/--url is required in /home/stanislav/PycharmProjects/opendoor/src/lib/exceptions.py -> __init__() line 10
Traceback (most recent call last):
  File "/home/stanislav/PycharmProjects/opendoor/src/lib/io/arguments.py", line 14, in get_arguments
    args = options().get_arg_values()
  File "/home/stanislav/PycharmProjects/opendoor/src/core/options/options.py", line 52, in get_arg_values
    raise OptionsError("argument -u/--url is required")
OptionsError: argument -u/--url is required
2017-01-08 20:23:56 [ERROR] : str: argument -u/--url is required in /home/stanislav/PycharmProjects/opendoor/src/lib/exceptions.py -> __init__() line 10
Traceback (most recent call last):
  File "/home/stanislav/PycharmProjects/opendoor/src/lib/io/arguments.py", line 14, in get_arguments
    args = options().get_arg_values()
  File "/home/stanislav/PycharmProjects/opendoor/src/core/options/options.py", line 52, in get_arg_values
    raise OptionsError("argument -u/--url is required")
OptionsError: argument -u/--url is required
2017-01-08 20:24:07 [ERROR] : str: argument -u/--url is required in /home/stanislav/PycharmProjects/opendoor/src/lib/exceptions.py -> __init__() line 10
Traceback (most recent call last):
  File "/home/stanislav/PycharmProjects/opendoor/src/lib/io/arguments.py", line 14, in get_arguments
    args = options().get_arg_values()
  File "/home/stanislav/PycharmProjects/opendoor/src/core/options/options.py", line 52, in get_arg_values
    raise OptionsError("argument -u/--url is required")
OptionsError: argument -u/--url is required
2017-01-08 20:24:26 [ERROR] : str: argument -u/--url is required in /home/stanislav/PycharmProjects/opendoor/src/lib/exceptions.py -> __init__() line 10
Traceback (most recent call last):
  File "/home/stanislav/PycharmProjects/opendoor/src/lib/io/arguments.py", line 14, in get_arguments
    args = options().get_arg_values()
  File "/home/stanislav/PycharmProjects/opendoor/src/core/options/options.py", line 52, in get_arg_values
    raise OptionsError("argument -u/--url is required")
OptionsError: argument -u/--url is required
2017-01-08 20:24:44 [ERROR] : str: argument -u/--url is required in /home/stanislav/PycharmProjects/opendoor/src/lib/exceptions.py -> __init__() line 10
Traceback (most recent call last):
  File "/home/stanislav/PycharmProjects/opendoor/src/lib/io/arguments.py", line 14, in get_arguments
    args = options().get_arg_values()
  File "/home/stanislav/PycharmProjects/opendoor/src/core/options/options.py", line 52, in get_arg_values
    raise OptionsError("argument -u/--url is required")
OptionsError: argument -u/--url is required
2017-01-08 20:24:59 [ERROR] : str: argument -u/--url is required in /home/stanislav/PycharmProjects/opendoor/src/lib/exceptions.py -> __init__() line 10
Traceback (most recent call last):
  File "/home/stanislav/PycharmProjects/opendoor/src/lib/io/arguments.py", line 14, in get_arguments
    args = options().get_arg_values()
  File "/home/stanislav/PycharmProjects/opendoor/src/core/options/options.py", line 52, in get_arg_values
    raise OptionsError("argument -u/--url is required")
OptionsError: argument -u/--url is required
2017-01-08 20:25:33 [ERROR] : str: argument -u/--url is required in /home/stanislav/PycharmProjects/opendoor/src/lib/exceptions.py -> __init__() line 10
Traceback (most recent call last):
  File "/home/stanislav/PycharmProjects/opendoor/src/lib/io/arguments.py", line 14, in get_arguments
    args = options().get_arg_values()
  File "/home/stanislav/PycharmProjects/opendoor/src/core/options/options.py", line 52, in get_arg_values
    raise OptionsError("argument -u/--url is required")
OptionsError: argument -u/--url is required
2017-01-08 20:25:35 [ERROR] : str: argument -u/--url is required in /home/stanislav/PycharmProjects/opendoor/src/lib/exceptions.py -> __init__() line 10
Traceback (most recent call last):
  File "/home/stanislav/PycharmProjects/opendoor/src/lib/io/arguments.py", line 14, in get_arguments
    args = options().get_arg_values()
  File "/home/stanislav/PycharmProjects/opendoor/src/core/options/options.py", line 52, in get_arg_values
    raise OptionsError("argument -u/--url is required")
OptionsError: argument -u/--url is required
2017-01-08 20:25:38 [ERROR] : str: argument -u/--url is required in /home/stanislav/PycharmProjects/opendoor/src/lib/exceptions.py -> __init__() line 10
Traceback (most recent call last):
  File "/home/stanislav/PycharmProjects/opendoor/src/lib/io/arguments.py", line 14, in get_arguments
    args = options().get_arg_values()
  File "/home/stanislav/PycharmProjects/opendoor/src/core/options/options.py", line 52, in get_arg_values
    raise OptionsError("argument -u/--url is required")
OptionsError: argument -u/--url is required
2017-01-08 20:26:05 [ERROR] : str: argument -u/--url is required in /home/stanislav/PycharmProjects/opendoor/src/lib/exceptions.py -> __init__() line 10
Traceback (most recent call last):
  File "/home/stanislav/PycharmProjects/opendoor/src/lib/io/arguments.py", line 14, in get_arguments
    args = options().get_arg_values()
  File "/home/stanislav/PycharmProjects/opendoor/src/core/options/options.py", line 52, in get_arg_values
    raise OptionsError("argument -u/--url is required")
OptionsError: argument -u/--url is required
2017-01-08 20:26:15 [ERROR] : str: argument -u/--url is required in /home/stanislav/PycharmProjects/opendoor/src/lib/exceptions.py -> __init__() line 10
Traceback (most recent call last):
  File "/home/stanislav/PycharmProjects/opendoor/src/lib/io/arguments.py", line 14, in get_arguments
    args = options().get_arg_values()
  File "/home/stanislav/PycharmProjects/opendoor/src/core/options/options.py", line 52, in get_arg_values
    raise OptionsError("argument -u/--url is required")
OptionsError: argument -u/--url is required
2017-01-08 20:26:27 [ERROR] : str: argument -u/--url is required in /home/stanislav/PycharmProjects/opendoor/src/lib/exceptions.py -> __init__() line 10
Traceback (most recent call last):
  File "/home/stanislav/PycharmProjects/opendoor/src/lib/io/arguments.py", line 14, in get_arguments
    args = options().get_arg_values()
  File "/home/stanislav/PycharmProjects/opendoor/src/core/options/options.py", line 52, in get_arg_values
    raise OptionsError("argument -u/--url is required")
OptionsError: argument -u/--url is required
2017-01-08 20:26:35 [ERROR] : str: argument -u/--url is required in /home/stanislav/PycharmProjects/opendoor/src/lib/exceptions.py -> __init__() line 10
Traceback (most recent call last):
  File "/home/stanislav/PycharmProjects/opendoor/src/lib/io/arguments.py", line 14, in get_arguments
    args = options().get_arg_values()
  File "/home/stanislav/PycharmProjects/opendoor/src/core/options/options.py", line 52, in get_arg_values
    raise OptionsError("argument -u/--url is required")
OptionsError: argument -u/--url is required
2017-01-08 20:26:58 [ERROR] : str: argument -u/--url is required in /home/stanislav/PycharmProjects/opendoor/src/lib/exceptions.py -> __init__() line 10
Traceback (most recent call last):
  File "/home/stanislav/PycharmProjects/opendoor/src/lib/io/arguments.py", line 14, in get_arguments
    args = options().get_arg_values()
  File "/home/stanislav/PycharmProjects/opendoor/src/core/options/options.py", line 52, in get_arg_values
    raise OptionsError("argument -u/--url is required")
OptionsError: argument -u/--url is required
2017-01-08 20:27:00 [ERROR] : str: argument -u/--url is required in /home/stanislav/PycharmProjects/opendoor/src/lib/exceptions.py -> __init__() line 10
Traceback (most recent call last):
  File "/home/stanislav/PycharmProjects/opendoor/src/lib/io/arguments.py", line 14, in get_arguments
    args = options().get_arg_values()
  File "/home/stanislav/PycharmProjects/opendoor/src/core/options/options.py", line 52, in get_arg_values
    raise OptionsError("argument -u/--url is required")
OptionsError: argument -u/--url is required
2017-01-08 20:27:06 [ERROR] : str: argument -u/--url is required in /home/stanislav/PycharmProjects/opendoor/src/lib/exceptions.py -> __init__() line 10
Traceback (most recent call last):
  File "/home/stanislav/PycharmProjects/opendoor/src/lib/io/arguments.py", line 14, in get_arguments
    args = options().get_arg_values()
  File "/home/stanislav/PycharmProjects/opendoor/src/core/options/options.py", line 52, in get_arg_values
    raise OptionsError("argument -u/--url is required")
OptionsError: argument -u/--url is required
2017-01-08 20:27:13 [ERROR] : str: argument -u/--url is required in /home/stanislav/PycharmProjects/opendoor/src/lib/exceptions.py -> __init__() line 10
Traceback (most recent call last):
  File "/home/stanislav/PycharmProjects/opendoor/src/lib/io/arguments.py", line 14, in get_arguments
    args = options().get_arg_values()
  File "/home/stanislav/PycharmProjects/opendoor/src/core/options/options.py", line 52, in get_arg_values
    raise OptionsError("argument -u/--url is required")
OptionsError: argument -u/--url is required
2017-01-08 20:27:36 [ERROR] : str: argument -u/--url is required in /home/stanislav/PycharmProjects/opendoor/src/lib/exceptions.py -> __init__() line 10
Traceback (most recent call last):
  File "/home/stanislav/PycharmProjects/opendoor/src/lib/io/arguments.py", line 14, in get_arguments
    args = options().get_arg_values()
  File "/home/stanislav/PycharmProjects/opendoor/src/core/options/options.py", line 52, in get_arg_values
    raise OptionsError("argument -u/--url is required")
OptionsError: argument -u/--url is required
2017-01-08 20:27:46 [ERROR] : str: argument -u/--url is required in /home/stanislav/PycharmProjects/opendoor/src/lib/exceptions.py -> __init__() line 10
Traceback (most recent call last):
  File "/home/stanislav/PycharmProjects/opendoor/src/lib/io/arguments.py", line 14, in get_arguments
    args = options().get_arg_values()
  File "/home/stanislav/PycharmProjects/opendoor/src/core/options/options.py", line 52, in get_arg_values
    raise OptionsError("argument -u/--url is required")
OptionsError: argument -u/--url is required
2017-01-08 20:27:55 [ERROR] : str: argument -u/--url is required in /home/stanislav/PycharmProjects/opendoor/src/lib/exceptions.py -> __init__() line 10
Traceback (most recent call last):
  File "/home/stanislav/PycharmProjects/opendoor/src/lib/io/arguments.py", line 14, in get_arguments
    args = options().get_arg_values()
  File "/home/stanislav/PycharmProjects/opendoor/src/core/options/options.py", line 52, in get_arg_values
    raise OptionsError("argument -u/--url is required")
OptionsError: argument -u/--url is required
2017-01-08 20:28:07 [ERROR] : str: argument -u/--url is required in /home/stanislav/PycharmProjects/opendoor/src/lib/exceptions.py -> __init__() line 10
Traceback (most recent call last):
  File "/home/stanislav/PycharmProjects/opendoor/src/lib/io/arguments.py", line 14, in get_arguments
    args = options().get_arg_values()
  File "/home/stanislav/PycharmProjects/opendoor/src/core/options/options.py", line 52, in get_arg_values
    raise OptionsError("argument -u/--url is required")
OptionsError: argument -u/--url is required
2017-01-08 20:28:17 [ERROR] : str: argument -u/--url is required in /home/stanislav/PycharmProjects/opendoor/src/lib/exceptions.py -> __init__() line 10
Traceback (most recent call last):
  File "/home/stanislav/PycharmProjects/opendoor/src/lib/io/arguments.py", line 14, in get_arguments
    args = options().get_arg_values()
  File "/home/stanislav/PycharmProjects/opendoor/src/core/options/options.py", line 52, in get_arg_values
    raise OptionsError("argument -u/--url is required")
OptionsError: argument -u/--url is required
2017-01-08 20:28:28 [ERROR] : str: argument -u/--url is required in /home/stanislav/PycharmProjects/opendoor/src/lib/exceptions.py -> __init__() line 10
Traceback (most recent call last):
  File "/home/stanislav/PycharmProjects/opendoor/src/lib/io/arguments.py", line 14, in get_arguments
    args = options().get_arg_values()
  File "/home/stanislav/PycharmProjects/opendoor/src/core/options/options.py", line 52, in get_arg_values
    raise OptionsError("argument -u/--url is required")
OptionsError: argument -u/--url is required
2017-01-08 20:28:37 [ERROR] : str: argument -u/--url is required in /home/stanislav/PycharmProjects/opendoor/src/lib/exceptions.py -> __init__() line 10
Traceback (most recent call last):
  File "/home/stanislav/PycharmProjects/opendoor/src/lib/io/arguments.py", line 14, in get_arguments
    args = options().get_arg_values()
  File "/home/stanislav/PycharmProjects/opendoor/src/core/options/options.py", line 52, in get_arg_values
    raise OptionsError("argument -u/--url is required")
OptionsError: argument -u/--url is required
2017-01-08 20:28:45 [ERROR] : str: argument -u/--url is required in /home/stanislav/PycharmProjects/opendoor/src/lib/exceptions.py -> __init__() line 10
Traceback (most recent call last):
  File "/home/stanislav/PycharmProjects/opendoor/src/lib/io/arguments.py", line 14, in get_arguments
    args = options().get_arg_values()
  File "/home/stanislav/PycharmProjects/opendoor/src/core/options/options.py", line 52, in get_arg_values
    raise OptionsError("argument -u/--url is required")
OptionsError: argument -u/--url is required
2017-01-08 20:28:53 [ERROR] : str: argument -u/--url is required in /home/stanislav/PycharmProjects/opendoor/src/lib/exceptions.py -> __init__() line 10
Traceback (most recent call last):
  File "/home/stanislav/PycharmProjects/opendoor/src/lib/io/arguments.py", line 14, in get_arguments
    args = options().get_arg_values()
  File "/home/stanislav/PycharmProjects/opendoor/src/core/options/options.py", line 52, in get_arg_values
    raise OptionsError("argument -u/--url is required")
OptionsError: argument -u/--url is required
2017-01-08 20:29:05 [ERROR] : str: argument -u/--url is required in /home/stanislav/PycharmProjects/opendoor/src/lib/exceptions.py -> __init__() line 10
Traceback (most recent call last):
  File "/home/stanislav/PycharmProjects/opendoor/src/lib/io/arguments.py", line 14, in get_arguments
    args = options().get_arg_values()
  File "/home/stanislav/PycharmProjects/opendoor/src/core/options/options.py", line 52, in get_arg_values
    raise OptionsError("argument -u/--url is required")
OptionsError: argument -u/--url is required
2017-01-08 20:29:13 [ERROR] : str: argument -u/--url is required in /home/stanislav/PycharmProjects/opendoor/src/lib/exceptions.py -> __init__() line 10
Traceback (most recent call last):
  File "/home/stanislav/PycharmProjects/opendoor/src/lib/io/arguments.py", line 14, in get_arguments
    args = options().get_arg_values()
  File "/home/stanislav/PycharmProjects/opendoor/src/core/options/options.py", line 52, in get_arg_values
    raise OptionsError("argument -u/--url is required")
OptionsError: argument -u/--url is required
2017-01-08 21:51:15 [ERROR] : str: argument -u/--url is required in /home/stanislav/PycharmProjects/opendoor/src/lib/exceptions.py -> __init__() line 10
Traceback (most recent call last):
  File "/home/stanislav/PycharmProjects/opendoor/src/lib/io/arguments.py", line 14, in get_arguments
    args = options().get_arg_values()
  File "/home/stanislav/PycharmProjects/opendoor/src/core/options/options.py", line 52, in get_arg_values
    raise OptionsError("argument -u/--url is required")
OptionsError: argument -u/--url is required
2017-01-08 21:51:17 [ERROR] : str: argument -u/--url is required in /home/stanislav/PycharmProjects/opendoor/src/lib/exceptions.py -> __init__() line 10
Traceback (most recent call last):
  File "/home/stanislav/PycharmProjects/opendoor/src/lib/io/arguments.py", line 14, in get_arguments
    args = options().get_arg_values()
  File "/home/stanislav/PycharmProjects/opendoor/src/core/options/options.py", line 52, in get_arg_values
    raise OptionsError("argument -u/--url is required")
OptionsError: argument -u/--url is required
2017-01-08 21:51:20 [ERROR] : str: argument -u/--url is required in /home/stanislav/PycharmProjects/opendoor/src/lib/exceptions.py -> __init__() line 10
Traceback (most recent call last):
  File "/home/stanislav/PycharmProjects/opendoor/src/lib/io/arguments.py", line 14, in get_arguments
    args = options().get_arg_values()
  File "/home/stanislav/PycharmProjects/opendoor/src/core/options/options.py", line 52, in get_arg_values
    raise OptionsError("argument -u/--url is required")
OptionsError: argument -u/--url is required
2017-01-08 21:51:59 [ERROR] : str: argument -u/--url is required in /home/stanislav/PycharmProjects/opendoor/src/lib/exceptions.py -> __init__() line 10
Traceback (most recent call last):
  File "/home/stanislav/PycharmProjects/opendoor/src/lib/io/arguments.py", line 14, in get_arguments
    args = options().get_arg_values()
  File "/home/stanislav/PycharmProjects/opendoor/src/core/options/options.py", line 52, in get_arg_values
    raise OptionsError("argument -u/--url is required")
OptionsError: argument -u/--url is required
2017-01-08 21:52:01 [ERROR] : str: argument -u/--url is required in /home/stanislav/PycharmProjects/opendoor/src/lib/exceptions.py -> __init__() line 10
Traceback (most recent call last):
  File "/home/stanislav/PycharmProjects/opendoor/src/lib/io/arguments.py", line 14, in get_arguments
    args = options().get_arg_values()
  File "/home/stanislav/PycharmProjects/opendoor/src/core/options/options.py", line 52, in get_arg_values
    raise OptionsError("argument -u/--url is required")
OptionsError: argument -u/--url is required
2017-01-08 21:52:11 [ERROR] : str: argument -u/--url is required in /home/stanislav/PycharmProjects/opendoor/src/lib/exceptions.py -> __init__() line 10
Traceback (most recent call last):
  File "/home/stanislav/PycharmProjects/opendoor/src/lib/io/arguments.py", line 14, in get_arguments
    args = options().get_arg_values()
  File "/home/stanislav/PycharmProjects/opendoor/src/core/options/options.py", line 52, in get_arg_values
    raise OptionsError("argument -u/--url is required")
OptionsError: argument -u/--url is required
2017-01-08 21:52:28 [ERROR] : str: argument -u/--url is required in /home/stanislav/PycharmProjects/opendoor/src/lib/exceptions.py -> __init__() line 10
Traceback (most recent call last):
  File "/home/stanislav/PycharmProjects/opendoor/src/lib/io/arguments.py", line 14, in get_arguments
    args = options().get_arg_values()
  File "/home/stanislav/PycharmProjects/opendoor/src/core/options/options.py", line 52, in get_arg_values
    raise OptionsError("argument -u/--url is required")
OptionsError: argument -u/--url is required
2017-01-08 21:52:46 [ERROR] : str: argument -u/--url is required in /home/stanislav/PycharmProjects/opendoor/src/lib/exceptions.py -> __init__() line 10
Traceback (most recent call last):
  File "/home/stanislav/PycharmProjects/opendoor/src/lib/io/arguments.py", line 14, in get_arguments
    args = options().get_arg_values()
  File "/home/stanislav/PycharmProjects/opendoor/src/core/options/options.py", line 52, in get_arg_values
    raise OptionsError("argument -u/--url is required")
OptionsError: argument -u/--url is required
2017-01-08 21:52:57 [ERROR] : str: argument -u/--url is required in /home/stanislav/PycharmProjects/opendoor/src/lib/exceptions.py -> __init__() line 10
Traceback (most recent call last):
  File "/home/stanislav/PycharmProjects/opendoor/src/lib/io/arguments.py", line 14, in get_arguments
    args = options().get_arg_values()
  File "/home/stanislav/PycharmProjects/opendoor/src/core/options/options.py", line 52, in get_arg_values
    raise OptionsError("argument -u/--url is required")
OptionsError: argument -u/--url is required
2017-01-08 21:53:09 [ERROR] : str: argument -u/--url is required in /home/stanislav/PycharmProjects/opendoor/src/lib/exceptions.py -> __init__() line 10
Traceback (most recent call last):
  File "/home/stanislav/PycharmProjects/opendoor/src/lib/io/arguments.py", line 14, in get_arguments
    args = options().get_arg_values()
  File "/home/stanislav/PycharmProjects/opendoor/src/core/options/options.py", line 52, in get_arg_values
    raise OptionsError("argument -u/--url is required")
OptionsError: argument -u/--url is required
2017-01-08 21:53:13 [ERROR] : str: argument -u/--url is required in /home/stanislav/PycharmProjects/opendoor/src/lib/exceptions.py -> __init__() line 10
Traceback (most recent call last):
  File "/home/stanislav/PycharmProjects/opendoor/src/lib/io/arguments.py", line 14, in get_arguments
    args = options().get_arg_values()
  File "/home/stanislav/PycharmProjects/opendoor/src/core/options/options.py", line 52, in get_arg_values
    raise OptionsError("argument -u/--url is required")
OptionsError: argument -u/--url is required
2017-01-08 21:54:07 [ERROR] : str: argument -u/--url is required in /home/stanislav/PycharmProjects/opendoor/src/lib/exceptions.py -> __init__() line 10
Traceback (most recent call last):
  File "/home/stanislav/PycharmProjects/opendoor/src/lib/io/arguments.py", line 14, in get_arguments
    args = options().get_arg_values()
  File "/home/stanislav/PycharmProjects/opendoor/src/core/options/options.py", line 52, in get_arg_values
    raise OptionsError("argument -u/--url is required")
OptionsError: argument -u/--url is required
2017-01-08 21:54:51 [ERROR] : str: argument -u/--url is required in /home/stanislav/PycharmProjects/opendoor/src/lib/exceptions.py -> __init__() line 10
Traceback (most recent call last):
  File "/home/stanislav/PycharmProjects/opendoor/src/lib/io/arguments.py", line 14, in get_arguments
    args = options().get_arg_values()
  File "/home/stanislav/PycharmProjects/opendoor/src/core/options/options.py", line 52, in get_arg_values
    raise OptionsError("argument -u/--url is required")
OptionsError: argument -u/--url is required
2017-01-08 21:55:12 [ERROR] : str: argument -u/--url is required in /home/stanislav/PycharmProjects/opendoor/src/lib/exceptions.py -> __init__() line 10
Traceback (most recent call last):
  File "/home/stanislav/PycharmProjects/opendoor/src/lib/io/arguments.py", line 14, in get_arguments
    args = options().get_arg_values()
  File "/home/stanislav/PycharmProjects/opendoor/src/core/options/options.py", line 52, in get_arg_values
    raise OptionsError("argument -u/--url is required")
OptionsError: argument -u/--url is required
2017-01-08 21:55:32 [ERROR] : str: argument -u/--url is required in /home/stanislav/PycharmProjects/opendoor/src/lib/exceptions.py -> __init__() line 10
Traceback (most recent call last):
  File "/home/stanislav/PycharmProjects/opendoor/src/lib/io/arguments.py", line 14, in get_arguments
    args = options().get_arg_values()
  File "/home/stanislav/PycharmProjects/opendoor/src/core/options/options.py", line 52, in get_arg_values
    raise OptionsError("argument -u/--url is required")
OptionsError: argument -u/--url is required
2017-01-08 21:56:41 [ERROR] : str: argument -u/--url is required in /home/stanislav/PycharmProjects/opendoor/src/lib/exceptions.py -> __init__() line 10
Traceback (most recent call last):
  File "/home/stanislav/PycharmProjects/opendoor/src/lib/io/arguments.py", line 14, in get_arguments
    args = options().get_arg_values()
  File "/home/stanislav/PycharmProjects/opendoor/src/core/options/options.py", line 52, in get_arg_values
    raise OptionsError("argument -u/--url is required")
OptionsError: argument -u/--url is required
2017-01-08 21:56:57 [ERROR] : str: argument -u/--url is required in /home/stanislav/PycharmProjects/opendoor/src/lib/exceptions.py -> __init__() line 10
Traceback (most recent call last):
  File "/home/stanislav/PycharmProjects/opendoor/src/lib/io/arguments.py", line 14, in get_arguments
    args = options().get_arg_values()
  File "/home/stanislav/PycharmProjects/opendoor/src/core/options/options.py", line 52, in get_arg_values
    raise OptionsError("argument -u/--url is required")
OptionsError: argument -u/--url is required
2017-01-08 21:57:43 [ERROR] : str: argument -u/--url is required in /home/stanislav/PycharmProjects/opendoor/src/lib/exceptions.py -> __init__() line 10
Traceback (most recent call last):
  File "/home/stanislav/PycharmProjects/opendoor/src/lib/io/arguments.py", line 14, in get_arguments
    args = options().get_arg_values()
  File "/home/stanislav/PycharmProjects/opendoor/src/core/options/options.py", line 52, in get_arg_values
    raise OptionsError("argument -u/--url is required")
OptionsError: argument -u/--url is required
2017-01-08 21:58:04 [ERROR] : str: argument -u/--url is required in /home/stanislav/PycharmProjects/opendoor/src/lib/exceptions.py -> __init__() line 10
Traceback (most recent call last):
  File "/home/stanislav/PycharmProjects/opendoor/src/lib/io/arguments.py", line 14, in get_arguments
    args = options().get_arg_values()
  File "/home/stanislav/PycharmProjects/opendoor/src/core/options/options.py", line 52, in get_arg_values
    raise OptionsError("argument -u/--url is required")
OptionsError: argument -u/--url is required
2017-01-08 21:58:17 [ERROR] : str: argument -u/--url is required in /home/stanislav/PycharmProjects/opendoor/src/lib/exceptions.py -> __init__() line 10
Traceback (most recent call last):
  File "/home/stanislav/PycharmProjects/opendoor/src/lib/io/arguments.py", line 14, in get_arguments
    args = options().get_arg_values()
  File "/home/stanislav/PycharmProjects/opendoor/src/core/options/options.py", line 52, in get_arg_values
    raise OptionsError("argument -u/--url is required")
OptionsError: argument -u/--url is required
2017-01-08 21:59:22 [ERROR] : str: argument -u/--url is required in /home/stanislav/PycharmProjects/opendoor/src/lib/exceptions.py -> __init__() line 10
Traceback (most recent call last):
  File "/home/stanislav/PycharmProjects/opendoor/src/lib/io/arguments.py", line 14, in get_arguments
    args = options().get_arg_values()
  File "/home/stanislav/PycharmProjects/opendoor/src/core/options/options.py", line 52, in get_arg_values
    raise OptionsError("argument -u/--url is required")
OptionsError: argument -u/--url is required
2017-01-08 21:59:26 [ERROR] : str: argument -u/--url is required in /home/stanislav/PycharmProjects/opendoor/src/lib/exceptions.py -> __init__() line 10
Traceback (most recent call last):
  File "/home/stanislav/PycharmProjects/opendoor/src/lib/io/arguments.py", line 14, in get_arguments
    args = options().get_arg_values()
  File "/home/stanislav/PycharmProjects/opendoor/src/core/options/options.py", line 52, in get_arg_values
    raise OptionsError("argument -u/--url is required")
OptionsError: argument -u/--url is required
2017-01-08 21:59:56 [ERROR] : str: argument -u/--url is required in /home/stanislav/PycharmProjects/opendoor/src/lib/exceptions.py -> __init__() line 10
Traceback (most recent call last):
  File "/home/stanislav/PycharmProjects/opendoor/src/lib/io/arguments.py", line 14, in get_arguments
    args = options().get_arg_values()
  File "/home/stanislav/PycharmProjects/opendoor/src/core/options/options.py", line 52, in get_arg_values
    raise OptionsError("argument -u/--url is required")
OptionsError: argument -u/--url is required
2017-01-08 22:00:19 [ERROR] : str: argument -u/--url is required in /home/stanislav/PycharmProjects/opendoor/src/lib/exceptions.py -> __init__() line 10
Traceback (most recent call last):
  File "/home/stanislav/PycharmProjects/opendoor/src/lib/io/arguments.py", line 14, in get_arguments
    args = options().get_arg_values()
  File "/home/stanislav/PycharmProjects/opendoor/src/core/options/options.py", line 52, in get_arg_values
    raise OptionsError("argument -u/--url is required")
OptionsError: argument -u/--url is required
2017-01-08 22:00:21 [ERROR] : str: argument -u/--url is required in /home/stanislav/PycharmProjects/opendoor/src/lib/exceptions.py -> __init__() line 10
Traceback (most recent call last):
  File "/home/stanislav/PycharmProjects/opendoor/src/lib/io/arguments.py", line 14, in get_arguments
    args = options().get_arg_values()
  File "/home/stanislav/PycharmProjects/opendoor/src/core/options/options.py", line 52, in get_arg_values
    raise OptionsError("argument -u/--url is required")
OptionsError: argument -u/--url is required
2017-01-08 22:00:43 [ERROR] : str: argument -u/--url is required in /home/stanislav/PycharmProjects/opendoor/src/lib/exceptions.py -> __init__() line 10
Traceback (most recent call last):
  File "/home/stanislav/PycharmProjects/opendoor/src/lib/io/arguments.py", line 14, in get_arguments
    args = options().get_arg_values()
  File "/home/stanislav/PycharmProjects/opendoor/src/core/options/options.py", line 52, in get_arg_values
    raise OptionsError("argument -u/--url is required")
OptionsError: argument -u/--url is required
2017-01-08 22:00:54 [ERROR] : str: argument -u/--url is required in /home/stanislav/PycharmProjects/opendoor/src/lib/exceptions.py -> __init__() line 10
Traceback (most recent call last):
  File "/home/stanislav/PycharmProjects/opendoor/src/lib/io/arguments.py", line 14, in get_arguments
    args = options().get_arg_values()
  File "/home/stanislav/PycharmProjects/opendoor/src/core/options/options.py", line 52, in get_arg_values
    raise OptionsError("argument -u/--url is required")
OptionsError: argument -u/--url is required
2017-01-08 22:01:21 [ERROR] : str: argument -u/--url is required in /home/stanislav/PycharmProjects/opendoor/src/lib/exceptions.py -> __init__() line 10
Traceback (most recent call last):
  File "/home/stanislav/PycharmProjects/opendoor/src/lib/io/arguments.py", line 14, in get_arguments
    args = options().get_arg_values()
  File "/home/stanislav/PycharmProjects/opendoor/src/core/options/options.py", line 52, in get_arg_values
    raise OptionsError("argument -u/--url is required")
OptionsError: argument -u/--url is required
2017-01-08 22:01:35 [ERROR] : str: argument -u/--url is required in /home/stanislav/PycharmProjects/opendoor/src/lib/exceptions.py -> __init__() line 10
Traceback (most recent call last):
  File "/home/stanislav/PycharmProjects/opendoor/src/lib/io/arguments.py", line 14, in get_arguments
    args = options().get_arg_values()
  File "/home/stanislav/PycharmProjects/opendoor/src/core/options/options.py", line 52, in get_arg_values
    raise OptionsError("argument -u/--url is required")
OptionsError: argument -u/--url is required
2017-01-08 22:01:40 [ERROR] : str: argument -u/--url is required in /home/stanislav/PycharmProjects/opendoor/src/lib/exceptions.py -> __init__() line 10
Traceback (most recent call last):
  File "/home/stanislav/PycharmProjects/opendoor/src/lib/io/arguments.py", line 14, in get_arguments
    args = options().get_arg_values()
  File "/home/stanislav/PycharmProjects/opendoor/src/core/options/options.py", line 52, in get_arg_values
    raise OptionsError("argument -u/--url is required")
OptionsError: argument -u/--url is required
2017-01-08 22:01:55 [ERROR] : str: argument -u/--url is required in /home/stanislav/PycharmProjects/opendoor/src/lib/exceptions.py -> __init__() line 10
Traceback (most recent call last):
  File "/home/stanislav/PycharmProjects/opendoor/src/lib/io/arguments.py", line 14, in get_arguments
    args = options().get_arg_values()
  File "/home/stanislav/PycharmProjects/opendoor/src/core/options/options.py", line 52, in get_arg_values
    raise OptionsError("argument -u/--url is required")
OptionsError: argument -u/--url is required
2017-01-08 22:02:37 [ERROR] : str: argument -u/--url is required in /home/stanislav/PycharmProjects/opendoor/src/lib/exceptions.py -> __init__() line 10
Traceback (most recent call last):
  File "/home/stanislav/PycharmProjects/opendoor/src/lib/io/arguments.py", line 14, in get_arguments
    args = options().get_arg_values()
  File "/home/stanislav/PycharmProjects/opendoor/src/core/options/options.py", line 52, in get_arg_values
    raise OptionsError("argument -u/--url is required")
OptionsError: argument -u/--url is required
2017-01-08 22:02:50 [ERROR] : str: argument -u/--url is required in /home/stanislav/PycharmProjects/opendoor/src/lib/exceptions.py -> __init__() line 10
Traceback (most recent call last):
  File "/home/stanislav/PycharmProjects/opendoor/src/lib/io/arguments.py", line 14, in get_arguments
    args = options().get_arg_values()
  File "/home/stanislav/PycharmProjects/opendoor/src/core/options/options.py", line 52, in get_arg_values
    raise OptionsError("argument -u/--url is required")
OptionsError: argument -u/--url is required
2017-01-08 22:03:16 [ERROR] : str: argument -u/--url is required in /home/stanislav/PycharmProjects/opendoor/src/lib/exceptions.py -> __init__() line 10
Traceback (most recent call last):
  File "/home/stanislav/PycharmProjects/opendoor/src/lib/io/arguments.py", line 14, in get_arguments
    args = options().get_arg_values()
  File "/home/stanislav/PycharmProjects/opendoor/src/core/options/options.py", line 52, in get_arg_values
    raise OptionsError("argument -u/--url is required")
OptionsError: argument -u/--url is required
2017-01-08 22:03:28 [ERROR] : str: argument -u/--url is required in /home/stanislav/PycharmProjects/opendoor/src/lib/exceptions.py -> __init__() line 10
Traceback (most recent call last):
  File "/home/stanislav/PycharmProjects/opendoor/src/lib/io/arguments.py", line 14, in get_arguments
    args = options().get_arg_values()
  File "/home/stanislav/PycharmProjects/opendoor/src/core/options/options.py", line 52, in get_arg_values
    raise OptionsError("argument -u/--url is required")
OptionsError: argument -u/--url is required
2017-01-08 22:03:40 [ERROR] : str: argument -u/--url is required in /home/stanislav/PycharmProjects/opendoor/src/lib/exceptions.py -> __init__() line 10
Traceback (most recent call last):
  File "/home/stanislav/PycharmProjects/opendoor/src/lib/io/arguments.py", line 14, in get_arguments
    args = options().get_arg_values()
  File "/home/stanislav/PycharmProjects/opendoor/src/core/options/options.py", line 52, in get_arg_values
    raise OptionsError("argument -u/--url is required")
OptionsError: argument -u/--url is required
2017-01-08 22:03:51 [ERROR] : str: argument -u/--url is required in /home/stanislav/PycharmProjects/opendoor/src/lib/exceptions.py -> __init__() line 10
Traceback (most recent call last):
  File "/home/stanislav/PycharmProjects/opendoor/src/lib/io/arguments.py", line 14, in get_arguments
    args = options().get_arg_values()
  File "/home/stanislav/PycharmProjects/opendoor/src/core/options/options.py", line 52, in get_arg_values
    raise OptionsError("argument -u/--url is required")
OptionsError: argument -u/--url is required
2017-01-08 22:04:01 [ERROR] : str: argument -u/--url is required in /home/stanislav/PycharmProjects/opendoor/src/lib/exceptions.py -> __init__() line 10
Traceback (most recent call last):
  File "/home/stanislav/PycharmProjects/opendoor/src/lib/io/arguments.py", line 14, in get_arguments
    args = options().get_arg_values()
  File "/home/stanislav/PycharmProjects/opendoor/src/core/options/options.py", line 52, in get_arg_values
    raise OptionsError("argument -u/--url is required")
OptionsError: argument -u/--url is required
2017-01-08 22:04:12 [ERROR] : str: argument -u/--url is required in /home/stanislav/PycharmProjects/opendoor/src/lib/exceptions.py -> __init__() line 10
Traceback (most recent call last):
  File "/home/stanislav/PycharmProjects/opendoor/src/lib/io/arguments.py", line 14, in get_arguments
    args = options().get_arg_values()
  File "/home/stanislav/PycharmProjects/opendoor/src/core/options/options.py", line 52, in get_arg_values
    raise OptionsError("argument -u/--url is required")
OptionsError: argument -u/--url is required
2017-01-08 22:04:18 [ERROR] : str: argument -u/--url is required in /home/stanislav/PycharmProjects/opendoor/src/lib/exceptions.py -> __init__() line 10
Traceback (most recent call last):
  File "/home/stanislav/PycharmProjects/opendoor/src/lib/io/arguments.py", line 14, in get_arguments
    args = options().get_arg_values()
  File "/home/stanislav/PycharmProjects/opendoor/src/core/options/options.py", line 52, in get_arg_values
    raise OptionsError("argument -u/--url is required")
OptionsError: argument -u/--url is required
2017-01-08 22:05:18 [ERROR] : str: argument -u/--url is required in /home/stanislav/PycharmProjects/opendoor/src/lib/exceptions.py -> __init__() line 10
Traceback (most recent call last):
  File "/home/stanislav/PycharmProjects/opendoor/src/lib/io/arguments.py", line 14, in get_arguments
    args = options().get_arg_values()
  File "/home/stanislav/PycharmProjects/opendoor/src/core/options/options.py", line 52, in get_arg_values
    raise OptionsError("argument -u/--url is required")
OptionsError: argument -u/--url is required
2017-01-08 22:05:37 [ERROR] : str: argument -u/--url is required in /home/stanislav/PycharmProjects/opendoor/src/lib/exceptions.py -> __init__() line 10
Traceback (most recent call last):
  File "/home/stanislav/PycharmProjects/opendoor/src/lib/io/arguments.py", line 14, in get_arguments
    args = options().get_arg_values()
  File "/home/stanislav/PycharmProjects/opendoor/src/core/options/options.py", line 52, in get_arg_values
    raise OptionsError("argument -u/--url is required")
OptionsError: argument -u/--url is required
2017-01-08 22:05:53 [ERROR] : str: argument -u/--url is required in /home/stanislav/PycharmProjects/opendoor/src/lib/exceptions.py -> __init__() line 10
Traceback (most recent call last):
  File "/home/stanislav/PycharmProjects/opendoor/src/lib/io/arguments.py", line 14, in get_arguments
    args = options().get_arg_values()
  File "/home/stanislav/PycharmProjects/opendoor/src/core/options/options.py", line 52, in get_arg_values
    raise OptionsError("argument -u/--url is required")
OptionsError: argument -u/--url is required
2017-01-08 22:05:57 [ERROR] : str: argument -u/--url is required in /home/stanislav/PycharmProjects/opendoor/src/lib/exceptions.py -> __init__() line 10
Traceback (most recent call last):
  File "/home/stanislav/PycharmProjects/opendoor/src/lib/io/arguments.py", line 14, in get_arguments
    args = options().get_arg_values()
  File "/home/stanislav/PycharmProjects/opendoor/src/core/options/options.py", line 52, in get_arg_values
    raise OptionsError("argument -u/--url is required")
OptionsError: argument -u/--url is required
2017-01-08 22:06:22 [ERROR] : str: argument -u/--url is required in /home/stanislav/PycharmProjects/opendoor/src/lib/exceptions.py -> __init__() line 10
Traceback (most recent call last):
  File "/home/stanislav/PycharmProjects/opendoor/src/lib/io/arguments.py", line 14, in get_arguments
    args = options().get_arg_values()
  File "/home/stanislav/PycharmProjects/opendoor/src/core/options/options.py", line 52, in get_arg_values
    raise OptionsError("argument -u/--url is required")
OptionsError: argument -u/--url is required
2017-01-08 22:06:37 [ERROR] : str: argument -u/--url is required in /home/stanislav/PycharmProjects/opendoor/src/lib/exceptions.py -> __init__() line 10
Traceback (most recent call last):
  File "/home/stanislav/PycharmProjects/opendoor/src/lib/io/arguments.py", line 14, in get_arguments
    args = options().get_arg_values()
  File "/home/stanislav/PycharmProjects/opendoor/src/core/options/options.py", line 52, in get_arg_values
    raise OptionsError("argument -u/--url is required")
OptionsError: argument -u/--url is required
2017-01-08 22:09:30 [ERROR] : str: argument -u/--url is required in /home/stanislav/PycharmProjects/opendoor/src/lib/exceptions.py -> __init__() line 10
Traceback (most recent call last):
  File "/home/stanislav/PycharmProjects/opendoor/src/lib/io/arguments.py", line 14, in get_arguments
    args = options().get_arg_values()
  File "/home/stanislav/PycharmProjects/opendoor/src/core/options/options.py", line 52, in get_arg_values
    raise OptionsError("argument -u/--url is required")
OptionsError: argument -u/--url is required
2017-01-08 22:10:08 [ERROR] : str: argument -u/--url is required in /home/stanislav/PycharmProjects/opendoor/src/lib/exceptions.py -> __init__() line 10
Traceback (most recent call last):
  File "/home/stanislav/PycharmProjects/opendoor/src/lib/io/arguments.py", line 14, in get_arguments
    args = options().get_arg_values()
  File "/home/stanislav/PycharmProjects/opendoor/src/core/options/options.py", line 52, in get_arg_values
    raise OptionsError("argument -u/--url is required")
OptionsError: argument -u/--url is required
2017-01-08 22:10:16 [ERROR] : str: argument -u/--url is required in /home/stanislav/PycharmProjects/opendoor/src/lib/exceptions.py -> __init__() line 10
Traceback (most recent call last):
  File "/home/stanislav/PycharmProjects/opendoor/src/lib/io/arguments.py", line 14, in get_arguments
    args = options().get_arg_values()
  File "/home/stanislav/PycharmProjects/opendoor/src/core/options/options.py", line 52, in get_arg_values
    raise OptionsError("argument -u/--url is required")
OptionsError: argument -u/--url is required
2017-01-08 22:11:41 [ERROR] : str: argument -u/--url is required in /home/stanislav/PycharmProjects/opendoor/src/lib/exceptions.py -> __init__() line 10
Traceback (most recent call last):
  File "/home/stanislav/PycharmProjects/opendoor/src/lib/io/arguments.py", line 14, in get_arguments
    args = options().get_arg_values()
  File "/home/stanislav/PycharmProjects/opendoor/src/core/options/options.py", line 52, in get_arg_values
    raise OptionsError("argument -u/--url is required")
OptionsError: argument -u/--url is required
2017-01-08 22:11:43 [ERROR] : str: argument -u/--url is required in /home/stanislav/PycharmProjects/opendoor/src/lib/exceptions.py -> __init__() line 10
Traceback (most recent call last):
  File "/home/stanislav/PycharmProjects/opendoor/src/lib/io/arguments.py", line 14, in get_arguments
    args = options().get_arg_values()
  File "/home/stanislav/PycharmProjects/opendoor/src/core/options/options.py", line 52, in get_arg_values
    raise OptionsError("argument -u/--url is required")
OptionsError: argument -u/--url is required
2017-01-08 22:11:51 [ERROR] : str: argument -u/--url is required in /home/stanislav/PycharmProjects/opendoor/src/lib/exceptions.py -> __init__() line 10
Traceback (most recent call last):
  File "/home/stanislav/PycharmProjects/opendoor/src/lib/io/arguments.py", line 14, in get_arguments
    args = options().get_arg_values()
  File "/home/stanislav/PycharmProjects/opendoor/src/core/options/options.py", line 52, in get_arg_values
    raise OptionsError("argument -u/--url is required")
OptionsError: argument -u/--url is required
2017-01-08 22:12:05 [ERROR] : str: argument -u/--url is required in /home/stanislav/PycharmProjects/opendoor/src/lib/exceptions.py -> __init__() line 10
Traceback (most recent call last):
  File "/home/stanislav/PycharmProjects/opendoor/src/lib/io/arguments.py", line 14, in get_arguments
    args = options().get_arg_values()
  File "/home/stanislav/PycharmProjects/opendoor/src/core/options/options.py", line 52, in get_arg_values
    raise OptionsError("argument -u/--url is required")
OptionsError: argument -u/--url is required
2017-01-08 22:13:09 [ERROR] : str: argument -u/--url is required in /home/stanislav/PycharmProjects/opendoor/src/lib/exceptions.py -> __init__() line 10
Traceback (most recent call last):
  File "/home/stanislav/PycharmProjects/opendoor/src/lib/io/arguments.py", line 14, in get_arguments
    args = options().get_arg_values()
  File "/home/stanislav/PycharmProjects/opendoor/src/core/options/options.py", line 52, in get_arg_values
    raise OptionsError("argument -u/--url is required")
OptionsError: argument -u/--url is required
2017-01-08 22:13:18 [ERROR] : str: argument -u/--url is required in /home/stanislav/PycharmProjects/opendoor/src/lib/exceptions.py -> __init__() line 10
Traceback (most recent call last):
  File "/home/stanislav/PycharmProjects/opendoor/src/lib/io/arguments.py", line 14, in get_arguments
    args = options().get_arg_values()
  File "/home/stanislav/PycharmProjects/opendoor/src/core/options/options.py", line 52, in get_arg_values
    raise OptionsError("argument -u/--url is required")
OptionsError: argument -u/--url is required
2017-01-08 22:13:31 [ERROR] : str: argument -u/--url is required in /home/stanislav/PycharmProjects/opendoor/src/lib/exceptions.py -> __init__() line 10
Traceback (most recent call last):
  File "/home/stanislav/PycharmProjects/opendoor/src/lib/io/arguments.py", line 14, in get_arguments
    args = options().get_arg_values()
  File "/home/stanislav/PycharmProjects/opendoor/src/core/options/options.py", line 52, in get_arg_values
    raise OptionsError("argument -u/--url is required")
OptionsError: argument -u/--url is required
2017-01-08 22:13:46 [ERROR] : str: argument -u/--url is required in /home/stanislav/PycharmProjects/opendoor/src/lib/exceptions.py -> __init__() line 10
Traceback (most recent call last):
  File "/home/stanislav/PycharmProjects/opendoor/src/lib/io/arguments.py", line 14, in get_arguments
    args = options().get_arg_values()
  File "/home/stanislav/PycharmProjects/opendoor/src/core/options/options.py", line 52, in get_arg_values
    raise OptionsError("argument -u/--url is required")
OptionsError: argument -u/--url is required
2017-01-08 22:14:10 [ERROR] : str: argument -u/--url is required in /home/stanislav/PycharmProjects/opendoor/src/lib/exceptions.py -> __init__() line 10
Traceback (most recent call last):
  File "/home/stanislav/PycharmProjects/opendoor/src/lib/io/arguments.py", line 14, in get_arguments
    args = options().get_arg_values()
  File "/home/stanislav/PycharmProjects/opendoor/src/core/options/options.py", line 52, in get_arg_values
    raise OptionsError("argument -u/--url is required")
OptionsError: argument -u/--url is required
2017-01-08 22:14:11 [ERROR] : str: argument -u/--url is required in /home/stanislav/PycharmProjects/opendoor/src/lib/exceptions.py -> __init__() line 10
Traceback (most recent call last):
  File "/home/stanislav/PycharmProjects/opendoor/src/lib/io/arguments.py", line 14, in get_arguments
    args = options().get_arg_values()
  File "/home/stanislav/PycharmProjects/opendoor/src/core/options/options.py", line 52, in get_arg_values
    raise OptionsError("argument -u/--url is required")
OptionsError: argument -u/--url is required
2017-01-08 22:54:36 [ERROR] : str: argument -u/--url: expected one argument in /home/stanislav/PycharmProjects/opendoor/src/lib/exceptions.py -> __init__() line 10
Traceback (most recent call last):
  File "/home/stanislav/PycharmProjects/opendoor/src/lib/io/arguments.py", line 14, in get_arguments
    args = options().get_arg_values()
  File "/home/stanislav/PycharmProjects/opendoor/src/core/options/options.py", line 38, in __init__
    raise OptionsError(e.message)
OptionsError: argument -u/--url: expected one argument
2017-01-09 00:47:24 [ERROR] : str: argument -u/--url is required in /home/stanislav/PycharmProjects/opendoor/src/lib/exceptions.py -> __init__() line 10
Traceback (most recent call last):
  File "/home/stanislav/PycharmProjects/opendoor/src/lib/io/arguments.py", line 14, in get_arguments
    args = options().get_arg_values()
  File "/home/stanislav/PycharmProjects/opendoor/src/core/options/options.py", line 52, in get_arg_values
    raise OptionsError("argument -u/--url is required")
OptionsError: argument -u/--url is required
2017-01-09 00:53:51 [ERROR] : str: unrecognized arguments: --tandom-agent in /home/stanislav/PycharmProjects/opendoor/src/lib/exceptions.py -> __init__() line 10
Traceback (most recent call last):
  File "/home/stanislav/PycharmProjects/opendoor/src/lib/io/arguments.py", line 14, in get_arguments
    args = options().get_arg_values()
  File "/home/stanislav/PycharmProjects/opendoor/src/core/options/options.py", line 38, in __init__
    raise OptionsError(e.message)
OptionsError: unrecognized arguments: --tandom-agent
2017-01-09 01:35:26 [ERROR] : str: unrecognized arguments: -u http://www.jetphotos.net in /home/stanislav/PycharmProjects/opendoor/src/lib/exceptions.py -> __init__() line 10
Traceback (most recent call last):
  File "/home/stanislav/PycharmProjects/opendoor/src/lib/io/arguments.py", line 14, in get_arguments
    args = options().get_arg_values()
  File "/home/stanislav/PycharmProjects/opendoor/src/core/options/options.py", line 38, in __init__
    raise OptionsError(e.message)
OptionsError: unrecognized arguments: -u http://www.jetphotos.net
2017-01-09 01:52:27 [ERROR] : SocketError: [Errno -2] Name or service not known in /home/stanislav/PycharmProjects/opendoor/src/lib/exceptions.py -> __init__() line 10
Traceback (most recent call last):
  File "/home/stanislav/PycharmProjects/opendoor/src/lib/browser/browser.py", line 30, in ping
    socket.ping(self._host, self._port)
  File "/home/stanislav/PycharmProjects/opendoor/src/core/http/socks.py", line 24, in ping
    raise SocketError(e)
SocketError: [Errno -2] Name or service not known
2017-01-09 01:52:35 [ERROR] : SocketError: [Errno -2] Name or service not known in /home/stanislav/PycharmProjects/opendoor/src/lib/exceptions.py -> __init__() line 10
Traceback (most recent call last):
  File "/home/stanislav/PycharmProjects/opendoor/src/lib/browser/browser.py", line 30, in ping
    socket.ping(self._host, self._port)
  File "/home/stanislav/PycharmProjects/opendoor/src/core/http/socks.py", line 24, in ping
    raise SocketError(e)
SocketError: [Errno -2] Name or service not known
2017-01-09 01:55:11 [ERROR] : str: unrecognized arguments: --sas in /home/stanislav/PycharmProjects/opendoor/src/lib/exceptions.py -> __init__() line 10
Traceback (most recent call last):
  File "/home/stanislav/PycharmProjects/opendoor/src/lib/io/arguments.py", line 14, in get_arguments
    args = options().get_arg_values()
  File "/home/stanislav/PycharmProjects/opendoor/src/core/options/options.py", line 38, in __init__
    raise OptionsError(e.message)
OptionsError: unrecognized arguments: --sas
2017-01-09 01:59:28 [ERROR] : SocketError: failed in /home/stanislav/PycharmProjects/opendoor/src/lib/exceptions.py -> __init__() line 10
Traceback (most recent call last):
  File "/home/stanislav/PycharmProjects/opendoor/src/lib/browser/browser.py", line 30, in ping
    socket.ping(self._host, self._port)
  File "/home/stanislav/PycharmProjects/opendoor/src/core/http/socks.py", line 24, in ping
    raise SocketError("failed")
SocketError: failed
2017-01-09 02:00:01 [ERROR] : SocketError: failed in /home/stanislav/PycharmProjects/opendoor/src/lib/exceptions.py -> __init__() line 10
Traceback (most recent call last):
  File "/home/stanislav/PycharmProjects/opendoor/src/lib/browser/browser.py", line 30, in ping
    socket.ping(self._host, self._port)
  File "/home/stanislav/PycharmProjects/opendoor/src/core/http/socks.py", line 24, in ping
    raise SocketError("failed")
SocketError: failed
2017-01-09 02:01:10 [ERROR] : SocketError: failed in /home/stanislav/PycharmProjects/opendoor/src/lib/exceptions.py -> __init__() line 10
2017-01-09 02:01:14 [ERROR] : SocketError: failed in /home/stanislav/PycharmProjects/opendoor/src/lib/exceptions.py -> __init__() line 10
2017-01-09 02:01:29 [ERROR] : SocketError: failed in /home/stanislav/PycharmProjects/opendoor/src/lib/exceptions.py -> __init__() line 10
2017-01-09 02:03:23 [ERROR] : SocketError: [Errno -2] Name or service not known in /home/stanislav/PycharmProjects/opendoor/src/lib/exceptions.py -> __init__() line 10
2017-01-09 02:04:36 [ERROR] : SocketError: [Errno -2] Name or service not known in /home/stanislav/PycharmProjects/opendoor/src/lib/exceptions.py -> __init__() line 10
2017-01-09 02:05:29 [ERROR] : SocketError: [Errno -2] Name or service not known in /home/stanislav/PycharmProjects/opendoor/src/lib/exceptions.py -> __init__() line 10
2017-01-09 02:07:18 [ERROR] : SocketError: [Errno -2] Name or service not known in /home/stanislav/PycharmProjects/opendoor/src/lib/exceptions.py -> __init__() line 10
2017-01-09 02:08:21 [ERROR] : SocketError: [Errno -2] Name or service not known in /home/stanislav/PycharmProjects/opendoor/src/lib/exceptions.py -> __init__() line 10
2017-01-09 02:08:51 [ERROR] : SocketError: [Errno -2] Name or service not known in /home/stanislav/PycharmProjects/opendoor/src/lib/exceptions.py -> __init__() line 10
2017-01-09 02:08:55 [ERROR] : SocketError: [Errno -2] Name or service not known in /home/stanislav/PycharmProjects/opendoor/src/lib/exceptions.py -> __init__() line 10
2017-01-09 02:09:13 [ERROR] : SocketError: [Errno -2] Name or service not known in /home/stanislav/PycharmProjects/opendoor/src/lib/exceptions.py -> __init__() line 10
2017-01-09 02:09:15 [ERROR] : SocketError: [Errno -2] Name or service not known in /home/stanislav/PycharmProjects/opendoor/src/lib/exceptions.py -> __init__() line 10
2017-01-09 02:09:27 [ERROR] : SocketError: [Errno -2] Name or service not known in /home/stanislav/PycharmProjects/opendoor/src/lib/exceptions.py -> __init__() line 10
2017-01-09 02:09:40 [ERROR] : SocketError: [Errno -2] Name or service not known in /home/stanislav/PycharmProjects/opendoor/src/lib/exceptions.py -> __init__() line 10
2017-01-09 02:09:57 [ERROR] : SocketError: [Errno -2] Name or service not known in /home/stanislav/PycharmProjects/opendoor/src/lib/exceptions.py -> __init__() line 10
2017-01-09 02:10:16 [ERROR] : SocketError: [Errno -2] Name or service not known in /home/stanislav/PycharmProjects/opendoor/src/lib/exceptions.py -> __init__() line 10
2017-01-09 02:10:35 [ERROR] : SocketError: [Errno -2] Name or service not known in /home/stanislav/PycharmProjects/opendoor/src/lib/exceptions.py -> __init__() line 10
2017-01-09 02:10:39 [ERROR] : SocketError: [Errno -2] Name or service not known in /home/stanislav/PycharmProjects/opendoor/src/lib/exceptions.py -> __init__() line 10
2017-01-09 02:10:50 [ERROR] : SocketError: [Errno -2] Name or service not known in /home/stanislav/PycharmProjects/opendoor/src/lib/exceptions.py -> __init__() line 10
2017-01-09 02:11:14 [ERROR] : SocketError: [Errno -2] Name or service not known in /home/stanislav/PycharmProjects/opendoor/src/lib/exceptions.py -> __init__() line 10
2017-01-09 02:11:27 [ERROR] : SocketError: [Errno -2] Name or service not known in /home/stanislav/PycharmProjects/opendoor/src/lib/exceptions.py -> __init__() line 10
2017-01-09 02:11:41 [ERROR] : SocketError: [Errno -2] Name or service not known in /home/stanislav/PycharmProjects/opendoor/src/lib/exceptions.py -> __init__() line 10
2017-01-09 02:11:45 [ERROR] : str: unrecognized arguments: --sas in /home/stanislav/PycharmProjects/opendoor/src/lib/exceptions.py -> __init__() line 10
2017-01-09 02:11:58 [ERROR] : SocketError: [Errno -2] Name or service not known in /home/stanislav/PycharmProjects/opendoor/src/lib/exceptions.py -> __init__() line 10
2017-01-09 02:12:20 [ERROR] : SocketError: [Errno -2] Name or service not known in /home/stanislav/PycharmProjects/opendoor/src/lib/exceptions.py -> __init__() line 10
2017-01-09 02:12:27 [ERROR] : SocketError: [Errno -2] Name or service not known in /home/stanislav/PycharmProjects/opendoor/src/lib/exceptions.py -> __init__() line 10
2017-01-09 02:12:36 [ERROR] : SocketError: [Errno -2] Name or service not known in /home/stanislav/PycharmProjects/opendoor/src/lib/exceptions.py -> __init__() line 10
2017-01-09 02:12:49 [ERROR] : SocketError: [Errno -2] Name or service not known in /home/stanislav/PycharmProjects/opendoor/src/lib/exceptions.py -> __init__() line 10
2017-01-09 02:13:06 [ERROR] : SocketError: [Errno -2] Name or service not known in /home/stanislav/PycharmProjects/opendoor/src/lib/exceptions.py -> __init__() line 10
2017-01-09 02:13:16 [ERROR] : SocketError: [Errno -2] Name or service not known in /home/stanislav/PycharmProjects/opendoor/src/lib/exceptions.py -> __init__() line 10
2017-01-09 02:13:33 [ERROR] : SocketError: [Errno -2] Name or service not known in /home/stanislav/PycharmProjects/opendoor/src/lib/exceptions.py -> __init__() line 10
2017-01-09 02:14:15 [ERROR] : SocketError: [Errno -2] Name or service not known in /home/stanislav/PycharmProjects/opendoor/src/lib/exceptions.py -> __init__() line 10
2017-01-09 02:14:44 [ERROR] : SocketError: [Errno -2] Name or service not known in /home/stanislav/PycharmProjects/opendoor/src/lib/exceptions.py -> __init__() line 10
2017-01-09 02:15:15 [ERROR] : SocketError: [Errno -2] Name or service not known in /home/stanislav/PycharmProjects/opendoor/src/lib/exceptions.py -> __init__() line 10
2017-01-09 02:15:41 [ERROR] : SocketError: [Errno -2] Name or service not known in /home/stanislav/PycharmProjects/opendoor/src/lib/exceptions.py -> __init__() line 10
2017-01-09 02:16:40 [ERROR] : SocketError: [Errno -2] Name or service not known in /home/stanislav/PycharmProjects/opendoor/src/lib/exceptions.py -> __init__() line 10
2017-01-09 02:17:43 [ERROR] : SocketError: [Errno -2] Name or service not known in /home/stanislav/PycharmProjects/opendoor/src/lib/exceptions.py -> __init__() line 10
2017-01-09 02:18:10 [ERROR] : SocketError: [Errno -2] Name or service not known in /home/stanislav/PycharmProjects/opendoor/src/lib/exceptions.py -> __init__() line 10
2017-01-09 02:18:24 [ERROR] : SocketError: [Errno -2] Name or service not known in /home/stanislav/PycharmProjects/opendoor/src/lib/exceptions.py -> __init__() line 10
2017-01-09 02:18:59 [ERROR] : SocketError: [Errno -2] Name or service not known in /home/stanislav/PycharmProjects/opendoor/src/lib/exceptions.py -> __init__() line 10
2017-01-09 02:19:09 [ERROR] : SocketError: [Errno -2] Name or service not known in /home/stanislav/PycharmProjects/opendoor/src/lib/exceptions.py -> __init__() line 10
2017-01-09 02:24:11 [ERROR] : SocketError: [Errno -2] Name or service not known in /home/stanislav/PycharmProjects/opendoor/src/lib/exceptions.py -> __init__() line 10
2017-01-09 02:24:43 [ERROR] : SocketError: [Errno -2] Name or service not known in /home/stanislav/PycharmProjects/opendoor/src/lib/exceptions.py -> __init__() line 10
2017-01-09 02:24:54 [ERROR] : SocketError: [Errno -2] Name or service not known in /home/stanislav/PycharmProjects/opendoor/src/lib/exceptions.py -> __init__() line 10
2017-01-09 02:25:55 [ERROR] : SocketError: [Errno -2] Name or service not known in /home/stanislav/PycharmProjects/opendoor/src/lib/exceptions.py -> __init__() line 10
2017-01-09 02:25:56 [ERROR] : SocketError: [Errno -2] Name or service not known in /home/stanislav/PycharmProjects/opendoor/src/lib/exceptions.py -> __init__() line 10
2017-01-09 02:25:59 [ERROR] : SocketError: [Errno -2] Name or service not known in /home/stanislav/PycharmProjects/opendoor/src/lib/exceptions.py -> __init__() line 10
2017-01-09 02:26:02 [ERROR] : SocketError: [Errno -2] Name or service not known in /home/stanislav/PycharmProjects/opendoor/src/lib/exceptions.py -> __init__() line 10
2017-01-09 02:26:31 [ERROR] : str: unrecognized arguments: --sas in /home/stanislav/PycharmProjects/opendoor/src/lib/exceptions.py -> __init__() line 10
2017-01-09 02:29:09 [ERROR] : str: unrecognized arguments: --sas in /home/stanislav/PycharmProjects/opendoor/src/lib/exceptions.py -> __init__() line 10
2017-01-09 02:29:20 [ERROR] : SocketError: [Errno -2] Name or service not known in /home/stanislav/PycharmProjects/opendoor/src/lib/exceptions.py -> __init__() line 10
2017-01-09 02:29:34 [ERROR] : SocketError: [Errno -2] Name or service not known in /home/stanislav/PycharmProjects/opendoor/src/lib/exceptions.py -> __init__() line 10
2017-01-09 02:29:52 [ERROR] : SocketError: [Errno -2] Name or service not known in /home/stanislav/PycharmProjects/opendoor/src/lib/exceptions.py -> __init__() line 10
2017-01-09 02:30:12 [ERROR] : str: unrecognized arguments: --sas in /home/stanislav/PycharmProjects/opendoor/src/lib/exceptions.py -> __init__() line 10
2017-01-09 02:30:22 [ERROR] : str: unrecognized arguments: --sas in /home/stanislav/PycharmProjects/opendoor/src/lib/exceptions.py -> __init__() line 10
2017-01-09 02:30:33 [ERROR] : str: unrecognized arguments: --sas in /home/stanislav/PycharmProjects/opendoor/src/lib/exceptions.py -> __init__() line 10
2017-01-09 02:30:48 [ERROR] : str: unrecognized arguments: --sas in /home/stanislav/PycharmProjects/opendoor/src/lib/exceptions.py -> __init__() line 10
2017-01-09 02:30:49 [ERROR] : str: unrecognized arguments: --sas in /home/stanislav/PycharmProjects/opendoor/src/lib/exceptions.py -> __init__() line 10
2017-01-09 02:31:03 [ERROR] : str: unrecognized arguments: --sas in /home/stanislav/PycharmProjects/opendoor/src/lib/exceptions.py -> __init__() line 10
2017-01-09 02:31:58 [ERROR] : str: unrecognized arguments: --sas in /home/stanislav/PycharmProjects/opendoor/src/lib/exceptions.py -> __init__() line 10
2017-01-09 02:32:08 [ERROR] : str: unrecognized arguments: --sas in /home/stanislav/PycharmProjects/opendoor/src/lib/exceptions.py -> __init__() line 10
2017-01-09 02:32:25 [ERROR] : str: unrecognized arguments: --sas in /home/stanislav/PycharmProjects/opendoor/src/lib/exceptions.py -> __init__() line 10
2017-01-09 02:32:28 [ERROR] : SocketError: [Errno -2] Name or service not known in /home/stanislav/PycharmProjects/opendoor/src/lib/exceptions.py -> __init__() line 10
2017-01-09 02:32:33 [ERROR] : str: unrecognized arguments: --sas in /home/stanislav/PycharmProjects/opendoor/src/lib/exceptions.py -> __init__() line 10
2017-01-09 02:32:50 [ERROR] : str: unrecognized arguments: --sas in /home/stanislav/PycharmProjects/opendoor/src/lib/exceptions.py -> __init__() line 10
2017-01-09 02:32:59 [ERROR] : str: unrecognized arguments: --sas in /home/stanislav/PycharmProjects/opendoor/src/lib/exceptions.py -> __init__() line 10
2017-01-09 02:33:16 [ERROR] : SocketError: [Errno -2] Name or service not known in /home/stanislav/PycharmProjects/opendoor/src/lib/exceptions.py -> __init__() line 10
2017-01-09 02:33:18 [ERROR] : SocketError: [Errno -2] Name or service not known in /home/stanislav/PycharmProjects/opendoor/src/lib/exceptions.py -> __init__() line 10
2017-01-09 02:33:26 [ERROR] : SocketError: [Errno -2] Name or service not known in /home/stanislav/PycharmProjects/opendoor/src/lib/exceptions.py -> __init__() line 10
2017-01-09 02:33:33 [ERROR] : str: unrecognized arguments: --sas in /home/stanislav/PycharmProjects/opendoor/src/lib/exceptions.py -> __init__() line 10
2017-01-09 02:33:59 [ERROR] : str: unrecognized arguments: -u http://www.jetphotos.net in /home/stanislav/PycharmProjects/opendoor/src/lib/exceptions.py -> __init__() line 10
2017-01-09 02:34:05 [ERROR] : str: argument --host is required in /home/stanislav/PycharmProjects/opendoor/src/lib/exceptions.py -> __init__() line 10
2017-01-09 02:34:11 [ERROR] : str: argument --host is required in /home/stanislav/PycharmProjects/opendoor/src/lib/exceptions.py -> __init__() line 10
2017-01-09 02:34:42 [ERROR] : SocketError: [Errno -2] Name or service not known in /home/stanislav/PycharmProjects/opendoor/src/lib/exceptions.py -> __init__() line 10
2017-01-09 02:34:48 [ERROR] : str: unrecognized arguments: --sas in /home/stanislav/PycharmProjects/opendoor/src/lib/exceptions.py -> __init__() line 10
2017-01-09 02:36:04 [ERROR] : str: unrecognized arguments: --sas in /home/stanislav/PycharmProjects/opendoor/src/lib/exceptions.py -> __init__() line 10
2017-01-09 02:36:11 [ERROR] : str: unrecognized arguments: --sas in /home/stanislav/PycharmProjects/opendoor/src/lib/exceptions.py -> __init__() line 10
2017-01-09 02:36:54 [ERROR] : str: unrecognized arguments: --sas in /home/stanislav/PycharmProjects/opendoor/src/lib/exceptions.py -> __init__() line 10
2017-01-09 02:36:57 [ERROR] : SocketError: [Errno -2] Name or service not known in /home/stanislav/PycharmProjects/opendoor/src/lib/exceptions.py -> __init__() line 10
2017-01-09 02:37:04 [ERROR] : SocketError: [Errno -2] Name or service not known in /home/stanislav/PycharmProjects/opendoor/src/lib/exceptions.py -> __init__() line 10
2017-01-09 02:37:46 [ERROR] : SocketError: [Errno -2] Name or service not known in /home/stanislav/PycharmProjects/opendoor/src/lib/exceptions.py -> __init__() line 10
2017-01-09 02:37:47 [ERROR] : SocketError: [Errno -2] Name or service not known in /home/stanislav/PycharmProjects/opendoor/src/lib/exceptions.py -> __init__() line 10
2017-01-09 02:38:07 [ERROR] : SocketError: [Errno -2] Name or service not known in /home/stanislav/PycharmProjects/opendoor/src/lib/exceptions.py -> __init__() line 10
2017-01-09 02:38:09 [ERROR] : SocketError: [Errno -2] Name or service not known in /home/stanislav/PycharmProjects/opendoor/src/lib/exceptions.py -> __init__() line 10
2017-01-09 02:38:19 [ERROR] : SocketError: [Errno -2] Name or service not known in /home/stanislav/PycharmProjects/opendoor/src/lib/exceptions.py -> __init__() line 10
2017-01-09 02:38:29 [ERROR] : SocketError: [Errno -2] Name or service not known in /home/stanislav/PycharmProjects/opendoor/src/lib/exceptions.py -> __init__() line 10
2017-01-09 02:38:31 [ERROR] : SocketError: [Errno -2] Name or service not known in /home/stanislav/PycharmProjects/opendoor/src/lib/exceptions.py -> __init__() line 10
2017-01-09 02:38:35 [ERROR] : SocketError: [Errno -2] Name or service not known in /home/stanislav/PycharmProjects/opendoor/src/lib/exceptions.py -> __init__() line 10
2017-01-09 02:38:43 [ERROR] : SocketError: [Errno -2] Name or service not known in /home/stanislav/PycharmProjects/opendoor/src/lib/exceptions.py -> __init__() line 10
2017-01-09 02:40:24 [ERROR] : SocketError: [Errno -2] Name or service not known in /home/stanislav/PycharmProjects/opendoor/src/lib/exceptions.py -> __init__() line 10
2017-01-09 02:40:51 [ERROR] : SocketError: [Errno -2] Name or service not known in /home/stanislav/PycharmProjects/opendoor/src/lib/exceptions.py -> __init__() line 10
2017-01-09 02:41:33 [ERROR] : SocketError: [Errno -2] Name or service not known in /home/stanislav/PycharmProjects/opendoor/src/lib/exceptions.py -> __init__() line 10
2017-01-09 02:42:20 [ERROR] : SocketError: [Errno -2] Name or service not known in /home/stanislav/PycharmProjects/opendoor/src/lib/exceptions.py -> __init__() line 10
2017-01-09 02:43:26 [ERROR] : SocketError: [Errno -2] Name or service not known in /home/stanislav/PycharmProjects/opendoor/src/lib/exceptions.py -> __init__() line 10
2017-01-09 02:43:34 [ERROR] : SocketError: [Errno -2] Name or service not known in /home/stanislav/PycharmProjects/opendoor/src/lib/exceptions.py -> __init__() line 10
2017-01-09 02:43:54 [ERROR] : SocketError: [Errno -2] Name or service not known in /home/stanislav/PycharmProjects/opendoor/src/lib/exceptions.py -> __init__() line 10
2017-01-09 02:43:56 [ERROR] : SocketError: [Errno -2] Name or service not known in /home/stanislav/PycharmProjects/opendoor/src/lib/exceptions.py -> __init__() line 10
2017-01-09 02:44:38 [ERROR] : SocketError: [Errno -2] Name or service not known in /home/stanislav/PycharmProjects/opendoor/src/lib/exceptions.py -> __init__() line 10
2017-01-09 02:44:42 [ERROR] : SocketError: [Errno -2] Name or service not known in /home/stanislav/PycharmProjects/opendoor/src/lib/exceptions.py -> __init__() line 10
2017-01-09 02:45:50 [ERROR] : SocketError: [Errno -2] Name or service not known in /home/stanislav/PycharmProjects/opendoor/src/lib/exceptions.py -> __init__() line 10
2017-01-09 02:46:04 [ERROR] : SocketError: [Errno -2] Name or service not known in /home/stanislav/PycharmProjects/opendoor/src/lib/exceptions.py -> __init__() line 10
2017-01-09 02:46:43 [ERROR] : SocketError: [Errno -2] Name or service not known in /home/stanislav/PycharmProjects/opendoor/src/lib/exceptions.py -> __init__() line 10
2017-01-09 02:47:16 [ERROR] : SocketError: [Errno -2] Name or service not known in /home/stanislav/PycharmProjects/opendoor/src/lib/exceptions.py -> __init__() line 10
2017-01-09 02:47:55 [ERROR] : SocketError: [Errno -2] Name or service not known in /home/stanislav/PycharmProjects/opendoor/src/lib/exceptions.py -> __init__() line 10
2017-01-09 02:48:58 [ERROR] : SocketError: [Errno -2] Name or service not known in /home/stanislav/PycharmProjects/opendoor/src/lib/exceptions.py -> __init__() line 10
2017-01-09 02:49:02 [ERROR] : SocketError: [Errno -2] Name or service not known in /home/stanislav/PycharmProjects/opendoor/src/lib/exceptions.py -> __init__() line 10
2017-01-09 02:49:11 [ERROR] : SocketError: [Errno -2] Name or service not known in /home/stanislav/PycharmProjects/opendoor/src/lib/exceptions.py -> __init__() line 10
2017-01-09 02:49:12 [ERROR] : SocketError: [Errno -2] Name or service not known in /home/stanislav/PycharmProjects/opendoor/src/lib/exceptions.py -> __init__() line 10
2017-01-09 02:49:59 [ERROR] : SocketError: [Errno -2] Name or service not known in /home/stanislav/PycharmProjects/opendoor/src/lib/exceptions.py -> __init__() line 10
2017-01-09 02:53:49 [ERROR] : SocketError: [Errno -2] Name or service not known in /home/stanislav/PycharmProjects/opendoor/src/lib/exceptions.py -> __init__() line 10
2017-01-09 02:54:01 [ERROR] : SocketError: [Errno -2] Name or service not known in /home/stanislav/PycharmProjects/opendoor/src/lib/exceptions.py -> __init__() line 10
2017-01-09 02:54:41 [ERROR] : SocketError: [Errno -2] Name or service not known in /home/stanislav/PycharmProjects/opendoor/src/lib/exceptions.py -> __init__() line 10
2017-01-09 02:55:23 [ERROR] : SocketError: [Errno -2] Name or service not known in /home/stanislav/PycharmProjects/opendoor/src/lib/exceptions.py -> __init__() line 10
2017-01-09 02:55:25 [ERROR] : SocketError: [Errno -2] Name or service not known in /home/stanislav/PycharmProjects/opendoor/src/lib/exceptions.py -> __init__() line 10
2017-01-09 02:55:45 [ERROR] : SocketError: [Errno -2] Name or service not known in /home/stanislav/PycharmProjects/opendoor/src/lib/exceptions.py -> __init__() line 10
2017-01-09 02:56:03 [ERROR] : SocketError: [Errno -2] Name or service not known in /home/stanislav/PycharmProjects/opendoor/src/lib/exceptions.py -> __init__() line 10
2017-01-09 02:56:23 [ERROR] : SocketError: [Errno -2] Name or service not known in /home/stanislav/PycharmProjects/opendoor/src/lib/exceptions.py -> __init__() line 10
2017-01-09 02:58:39 [ERROR] : SocketError: [Errno -2] Name or service not known in /home/stanislav/PycharmProjects/opendoor/src/lib/exceptions.py -> __init__() line 10
2017-01-09 02:58:58 [ERROR] : SocketError: [Errno -2] Name or service not known in /home/stanislav/PycharmProjects/opendoor/src/lib/exceptions.py -> __init__() line 10
2017-01-09 02:59:32 [ERROR] : SocketError: [Errno -2] Name or service not known in /home/stanislav/PycharmProjects/opendoor/src/lib/exceptions.py -> __init__() line 10
2017-01-09 03:00:10 [ERROR] : SocketError: [Errno -2] Name or service not known in /home/stanislav/PycharmProjects/opendoor/src/lib/exceptions.py -> __init__() line 10
2017-01-09 03:00:44 [ERROR] : SocketError: [Errno -2] Name or service not known in /home/stanislav/PycharmProjects/opendoor/src/lib/exceptions.py -> __init__() line 10
2017-01-09 03:02:19 [ERROR] : SocketError: [Errno -2] Name or service not known in /home/stanislav/PycharmProjects/opendoor/src/lib/exceptions.py -> __init__() line 10
2017-01-09 03:02:38 [ERROR] : SocketError: [Errno -2] Name or service not known in /home/stanislav/PycharmProjects/opendoor/src/lib/exceptions.py -> __init__() line 10
2017-01-09 03:02:51 [ERROR] : SocketError: [Errno -2] Name or service not known in /home/stanislav/PycharmProjects/opendoor/src/lib/exceptions.py -> __init__() line 10
2017-01-09 03:02:56 [ERROR] : SocketError: [Errno -2] Name or service not known in /home/stanislav/PycharmProjects/opendoor/src/lib/exceptions.py -> __init__() line 10
2017-01-09 03:03:28 [ERROR] : SocketError: [Errno -2] Name or service not known in /home/stanislav/PycharmProjects/opendoor/src/lib/exceptions.py -> __init__() line 10
2017-01-09 03:03:29 [ERROR] : SocketError: [Errno -2] Name or service not known in /home/stanislav/PycharmProjects/opendoor/src/lib/exceptions.py -> __init__() line 10
2017-01-09 03:03:30 [ERROR] : SocketError: [Errno -2] Name or service not known in /home/stanislav/PycharmProjects/opendoor/src/lib/exceptions.py -> __init__() line 10
2017-01-09 03:03:32 [ERROR] : SocketError: [Errno -2] Name or service not known in /home/stanislav/PycharmProjects/opendoor/src/lib/exceptions.py -> __init__() line 10
2017-01-09 03:03:32 [ERROR] : SocketError: [Errno -2] Name or service not known in /home/stanislav/PycharmProjects/opendoor/src/lib/exceptions.py -> __init__() line 10
2017-01-09 03:03:42 [ERROR] : SocketError: [Errno -2] Name or service not known in /home/stanislav/PycharmProjects/opendoor/src/lib/exceptions.py -> __init__() line 10
2017-01-09 03:04:18 [ERROR] : str: unrecognized arguments: --sas in /home/stanislav/PycharmProjects/opendoor/src/lib/exceptions.py -> __init__() line 10
2017-01-09 03:04:21 [ERROR] : SocketError: [Errno -2] Name or service not known in /home/stanislav/PycharmProjects/opendoor/src/lib/exceptions.py -> __init__() line 10
2017-01-09 03:04:31 [ERROR] : SocketError: [Errno -2] Name or service not known in /home/stanislav/PycharmProjects/opendoor/src/lib/exceptions.py -> __init__() line 10
2017-01-09 03:05:02 [ERROR] : SocketError: [Errno -2] Name or service not known in /home/stanislav/PycharmProjects/opendoor/src/lib/exceptions.py -> __init__() line 10
2017-01-09 03:07:32 [ERROR] : SocketError: [Errno -2] Name or service not known in /home/stanislav/PycharmProjects/opendoor/src/lib/exceptions.py -> __init__() line 10
2017-01-09 03:07:37 [ERROR] : str: unrecognized arguments: --sas in /home/stanislav/PycharmProjects/opendoor/src/lib/exceptions.py -> __init__() line 10
2017-01-09 03:07:43 [ERROR] : SocketError: [Errno -2] Name or service not known in /home/stanislav/PycharmProjects/opendoor/src/lib/exceptions.py -> __init__() line 10
2017-01-09 03:08:11 [ERROR] : SocketError: [Errno -2] Name or service not known in /home/stanislav/PycharmProjects/opendoor/src/lib/exceptions.py -> __init__() line 10
2017-01-09 03:08:13 [ERROR] : SocketError: [Errno -2] Name or service not known in /home/stanislav/PycharmProjects/opendoor/src/lib/exceptions.py -> __init__() line 10
2017-01-09 03:08:45 [ERROR] : SocketError: [Errno -2] Name or service not known in /home/stanislav/PycharmProjects/opendoor/src/lib/exceptions.py -> __init__() line 10
2017-01-09 03:08:52 [ERROR] : str: unrecognized arguments: --sas in /home/stanislav/PycharmProjects/opendoor/src/lib/exceptions.py -> __init__() line 10
2017-01-09 03:09:05 [ERROR] : str: unrecognized arguments: -u http://www.jetphotos.net in /home/stanislav/PycharmProjects/opendoor/src/lib/exceptions.py -> __init__() line 10
2017-01-09 03:10:51 [ERROR] : str: unrecognized arguments: --sas in /home/stanislav/PycharmProjects/opendoor/src/lib/exceptions.py -> __init__() line 10
2017-01-09 03:10:55 [ERROR] : SocketError: [Errno -2] Name or service not known in /home/stanislav/PycharmProjects/opendoor/src/lib/exceptions.py -> __init__() line 10
2017-01-09 03:11:12 [ERROR] : SocketError: [Errno -2] Name or service not known in /home/stanislav/PycharmProjects/opendoor/src/lib/exceptions.py -> __init__() line 10
2017-01-09 03:11:25 [ERROR] : SocketError: [Errno -2] Name or service not known in /home/stanislav/PycharmProjects/opendoor/src/lib/exceptions.py -> __init__() line 10
2017-01-09 03:12:37 [ERROR] : SocketError: [Errno -2] Name or service not known in /home/stanislav/PycharmProjects/opendoor/src/lib/exceptions.py -> __init__() line 10
2017-01-09 03:12:56 [ERROR] : SocketError: [Errno -2] Name or service not known in /home/stanislav/PycharmProjects/opendoor/src/lib/exceptions.py -> __init__() line 10
2017-01-09 04:27:58 [ERROR] : FileSystemError: /home/stanislav/PycharmProjects/opendoor/data/proxies.dat is not a file  in /home/stanislav/PycharmProjects/opendoor/src/lib/exceptions.py -> __init__() line 10
2017-01-09 05:49:53 [ERROR] : str: unrecognized arguments: --check subdomains in /home/stanislav/PycharmProjects/opendoor/src/lib/exceptions.py -> __init__() line 10
2017-01-09 05:53:20 [ERROR] : str: unrecognized arguments: --check subdomains in /home/stanislav/PycharmProjects/opendoor/src/lib/exceptions.py -> __init__() line 10
2017-01-09 05:56:43 [ERROR] : str: unrecognized arguments: --check subdomains in /home/stanislav/PycharmProjects/opendoor/src/lib/exceptions.py -> __init__() line 10
